{"logTime": "1129/011148", "correlationVector":"k3kJheHtxDR15rBG1O4mK9.160","action":"GetUpdates", "result":"DeleteReceived", "context":{"id":"b6fe1b57-9440-4ac2-a8ea-116583499340", "isDeleted:":"true", "version":"1709318989347"}}
{"logTime": "1129/011148", "correlationVector":"k3kJheHtxDR15rBG1O4mK9.161","action":"GetUpdates", "result":"DeleteReceived", "context":{"id":"b40db08b-a5a2-47e8-83bd-035cfa57576d", "isDeleted:":"true", "version":"1709318989349"}}
{"logTime": "1129/011148", "correlationVector":"k3kJheHtxDR15rBG1O4mK9.162","action":"GetUpdates", "result":"DeleteReceived", "context":{"id":"be3566a7-5596-42f3-8d9a-304b96f480df", "isDeleted:":"true", "version":"1709318989351"}}
{"logTime": "1129/011148", "correlationVector":"k3kJheHtxDR15rBG1O4mK9.163","action":"GetUpdates", "result":"DeleteReceived", "context":{"id":"a809b2e7-6b70-4ad6-a2ba-3b5607222cb2", "isDeleted:":"true", "version":"1709318989355"}}
{"logTime": "1129/011148", "correlationVector":"k3kJheHtxDR15rBG1O4mK9.164","action":"GetUpdates", "result":"DeleteReceived", "context":{"id":"ab415ece-66a6-4179-8436-9dac0ba127f0", "isDeleted:":"true", "version":"1709318991801"}}
{"logTime": "1129/011148", "correlationVector":"k3kJheHtxDR15rBG1O4mK9.165","action":"GetUpdates", "result":"DeleteReceived", "context":{"id":"73e1ce85-f5a1-4cc1-945c-4b6932fd1019", "isDeleted:":"true", "version":"1709318991807"}}
{"logTime": "1129/011148", "correlationVector":"k3kJheHtxDR15rBG1O4mK9.166","action":"GetUpdates", "result":"DeleteReceived", "context":{"id":"83c00ebd-64e2-4a99-a5b0-17222c8d4553", "isDeleted:":"true", "version":"1709318991808"}}
{"logTime": "1129/011148", "correlationVector":"k3kJheHtxDR15rBG1O4mK9.167","action":"GetUpdates", "result":"DeleteReceived", "context":{"id":"b99e4d3d-25d3-4296-85f7-76561b815959", "isDeleted:":"true", "version":"1709318991822"}}
{"logTime": "1129/011148", "correlationVector":"k3kJheHtxDR15rBG1O4mK9.168","action":"GetUpdates", "result":"DeleteReceived", "context":{"id":"f4080e14-7721-44cb-a705-bbeb61f5a74f", "isDeleted:":"true", "version":"1709318991824"}}
{"logTime": "1129/011148", "correlationVector":"k3kJheHtxDR15rBG1O4mK9.169","action":"GetUpdates", "result":"DeleteReceived", "context":{"id":"1331a07e-3d26-4607-9b71-683bb00037ba", "isDeleted:":"true", "version":"1709318991826"}}
{"logTime": "1129/011148", "correlationVector":"k3kJheHtxDR15rBG1O4mK9.170","action":"GetUpdates", "result":"DeleteReceived", "context":{"id":"3318559e-d165-4d67-b913-3bd5abe14593", "isDeleted:":"true", "version":"1709318991830"}}
{"logTime": "1129/011148", "correlationVector":"k3kJheHtxDR15rBG1O4mK9.171","action":"GetUpdates", "result":"DeleteReceived", "context":{"id":"78fe5314-e256-4416-911f-c0f49c2b7e56", "isDeleted:":"true", "version":"1709318991834"}}
{"logTime": "1129/011148", "correlationVector":"k3kJheHtxDR15rBG1O4mK9.172","action":"GetUpdates", "result":"DeleteReceived", "context":{"id":"a43efe49-0c50-4334-8530-dda2603934d0", "isDeleted:":"true", "version":"1709318991835"}}
{"logTime": "1129/011148", "correlationVector":"k3kJheHtxDR15rBG1O4mK9.173","action":"GetUpdates", "result":"DeleteReceived", "context":{"id":"982549d0-6bab-4562-91f1-541def61f028", "isDeleted:":"true", "version":"1709318991836"}}
{"logTime": "1129/011148", "correlationVector":"k3kJheHtxDR15rBG1O4mK9.174","action":"GetUpdates", "result":"DeleteReceived", "context":{"id":"7c34d349-ec5b-4aa8-9698-afddfc91634e", "isDeleted:":"true", "version":"1709318994593"}}
{"logTime": "1129/011148", "correlationVector":"k3kJheHtxDR15rBG1O4mK9.175","action":"GetUpdates", "result":"DeleteReceived", "context":{"id":"faaa340b-be70-4461-8d5d-20e9b0d858bf", "isDeleted:":"true", "version":"1709318994596"}}
{"logTime": "1129/011148", "correlationVector":"k3kJheHtxDR15rBG1O4mK9.176","action":"GetUpdates", "result":"DeleteReceived", "context":{"id":"bc2ac4ef-d023-4be0-a29d-87b2a7afa760", "isDeleted:":"true", "version":"1709318994601"}}
{"logTime": "1129/011148", "correlationVector":"k3kJheHtxDR15rBG1O4mK9.177","action":"GetUpdates", "result":"DeleteReceived", "context":{"id":"cd07f3ed-c73c-4f6a-9920-e64769735f9f", "isDeleted:":"true", "version":"1709318994604"}}
{"logTime": "1129/011148", "correlationVector":"k3kJheHtxDR15rBG1O4mK9.178","action":"GetUpdates", "result":"DeleteReceived", "context":{"id":"d8e93a2d-d5ac-4538-bef4-07d0bbc0da93", "isDeleted:":"true", "version":"1709318994606"}}
{"logTime": "1129/011148", "correlationVector":"k3kJheHtxDR15rBG1O4mK9.179","action":"GetUpdates", "result":"DeleteReceived", "context":{"id":"b8fd5ed8-1de7-4a41-8fc8-81cd5e3ac50e", "isDeleted:":"true", "version":"1709318994607"}}
{"logTime": "1129/011148", "correlationVector":"k3kJheHtxDR15rBG1O4mK9.180","action":"GetUpdates", "result":"DeleteReceived", "context":{"id":"8e074c79-5450-4f49-adcd-ffaab47b15d0", "isDeleted:":"true", "version":"1709318994608"}}
{"logTime": "1129/011148", "correlationVector":"k3kJheHtxDR15rBG1O4mK9.181","action":"GetUpdates", "result":"DeleteReceived", "context":{"id":"0b6c53e0-6948-48ad-9ef2-4f91a1c5f9be", "isDeleted:":"true", "version":"1709318994610"}}
{"logTime": "1129/011148", "correlationVector":"k3kJheHtxDR15rBG1O4mK9.182","action":"GetUpdates", "result":"DeleteReceived", "context":{"id":"b111a4fa-63c4-4ffc-ba3f-b467e74c0c52", "isDeleted:":"true", "version":"1709318994611"}}
{"logTime": "1129/011148", "correlationVector":"k3kJheHtxDR15rBG1O4mK9.183","action":"GetUpdates", "result":"DeleteReceived", "context":{"id":"2cc4d52b-7932-4034-ae75-c2542b4ef44f", "isDeleted:":"true", "version":"1709318994612"}}
{"logTime": "1129/011148", "correlationVector":"k3kJheHtxDR15rBG1O4mK9.184","action":"GetUpdates", "result":"DeleteReceived", "context":{"id":"dd071da1-5c62-4e5e-9aa6-e5665643d7be", "isDeleted:":"true", "version":"1709318994614"}}
{"logTime": "1129/011148", "correlationVector":"k3kJheHtxDR15rBG1O4mK9.185","action":"GetUpdates", "result":"DeleteReceived", "context":{"id":"5e270b02-417c-4a7c-8c3e-c266c92e9b57", "isDeleted:":"true", "version":"1709318994622"}}
{"logTime": "1129/011148", "correlationVector":"k3kJheHtxDR15rBG1O4mK9.186","action":"GetUpdates", "result":"DeleteReceived", "context":{"id":"31e95be2-70cf-41e8-a7fc-122907dcaf54", "isDeleted:":"true", "version":"1709318994627"}}
{"logTime": "1129/011148", "correlationVector":"k3kJheHtxDR15rBG1O4mK9.187","action":"GetUpdates", "result":"DeleteReceived", "context":{"id":"2eb7c8dd-12cf-4f34-a439-46fc2eec0658", "isDeleted:":"true", "version":"1709318994628"}}
{"logTime": "1129/011148", "correlationVector":"k3kJheHtxDR15rBG1O4mK9.188","action":"GetUpdates", "result":"DeleteReceived", "context":{"id":"1466ba11-adc4-41be-ae50-fe6b7b20fc06", "isDeleted:":"true", "version":"1709318994629"}}
{"logTime": "1129/011148", "correlationVector":"k3kJheHtxDR15rBG1O4mK9.189","action":"GetUpdates", "result":"DeleteReceived", "context":{"id":"48cf9836-27fa-4e79-ab41-d9e028e3dbbb", "isDeleted:":"true", "version":"1709318994630"}}
{"logTime": "1129/011148", "correlationVector":"k3kJheHtxDR15rBG1O4mK9.190","action":"GetUpdates", "result":"DeleteReceived", "context":{"id":"294bfdb3-8535-4ab3-95cf-cc47a725ae6a", "isDeleted:":"true", "version":"1709318997537"}}
{"logTime": "1129/011148", "correlationVector":"k3kJheHtxDR15rBG1O4mK9.191","action":"GetUpdates", "result":"DeleteReceived", "context":{"id":"9c9a89f2-a342-40d1-a83b-0289c545d5d8", "isDeleted:":"true", "version":"1709318997539"}}
{"logTime": "1129/011148", "correlationVector":"k3kJheHtxDR15rBG1O4mK9.192","action":"GetUpdates", "result":"DeleteReceived", "context":{"id":"61a6be29-1b93-42e2-b5cb-71c580438712", "isDeleted:":"true", "version":"1709318997542"}}
{"logTime": "1129/011148", "correlationVector":"k3kJheHtxDR15rBG1O4mK9.193","action":"GetUpdates", "result":"DeleteReceived", "context":{"id":"e7bf15bf-5a08-45a8-8f9c-de8b5f9599f2", "isDeleted:":"true", "version":"1709318997543"}}
{"logTime": "1129/011148", "correlationVector":"k3kJheHtxDR15rBG1O4mK9.194","action":"GetUpdates", "result":"DeleteReceived", "context":{"id":"cba7340b-f4d9-4e3d-8852-a2d4dc7f39ac", "isDeleted:":"true", "version":"1709318997544"}}
{"logTime": "1129/011148", "correlationVector":"k3kJheHtxDR15rBG1O4mK9.195","action":"GetUpdates", "result":"DeleteReceived", "context":{"id":"ca45e8b9-4fe1-4348-9420-ac2c4cd6d7f3", "isDeleted:":"true", "version":"1709318997545"}}
{"logTime": "1129/011148", "correlationVector":"k3kJheHtxDR15rBG1O4mK9.196","action":"GetUpdates", "result":"DeleteReceived", "context":{"id":"fab124bd-932d-4e87-9f68-525a3098cff8", "isDeleted:":"true", "version":"1709318997547"}}
{"logTime": "1129/011148", "correlationVector":"k3kJheHtxDR15rBG1O4mK9.197","action":"GetUpdates", "result":"DeleteReceived", "context":{"id":"d7986337-c5f5-4954-be8b-3cc9973880ac", "isDeleted:":"true", "version":"1709318997551"}}
{"logTime": "1129/011148", "correlationVector":"k3kJheHtxDR15rBG1O4mK9.198","action":"GetUpdates", "result":"DeleteReceived", "context":{"id":"e47b34e9-f1e3-4a2d-8bbe-03617c4b9a75", "isDeleted:":"true", "version":"1709318997557"}}
{"logTime": "1129/011148", "correlationVector":"k3kJheHtxDR15rBG1O4mK9.199","action":"GetUpdates", "result":"DeleteReceived", "context":{"id":"87369562-c282-44e3-aada-24709db40ebd", "isDeleted:":"true", "version":"1709318997560"}}
{"logTime": "1129/011148", "correlationVector":"k3kJheHtxDR15rBG1O4mK9.200","action":"GetUpdates", "result":"DeleteReceived", "context":{"id":"5fba78fc-41fa-4adb-87f4-1986f10b1424", "isDeleted:":"true", "version":"1709318997561"}}
{"logTime": "1129/011148", "correlationVector":"k3kJheHtxDR15rBG1O4mK9.201","action":"GetUpdates", "result":"DeleteReceived", "context":{"id":"8a813750-da1c-4785-b581-963da6cdabc4", "isDeleted:":"true", "version":"1709318997565"}}
{"logTime": "1129/011148", "correlationVector":"k3kJheHtxDR15rBG1O4mK9.202","action":"GetUpdates", "result":"DeleteReceived", "context":{"id":"d75862fb-21ef-4cd7-8809-79c22a7e3653", "isDeleted:":"true", "version":"1709318997567"}}
{"logTime": "1129/011148", "correlationVector":"k3kJheHtxDR15rBG1O4mK9.203","action":"GetUpdates", "result":"DeleteReceived", "context":{"id":"c3615b31-25b1-4567-8acc-f66175312f8a", "isDeleted:":"true", "version":"1709318997571"}}
{"logTime": "1129/011148", "correlationVector":"k3kJheHtxDR15rBG1O4mK9.204","action":"GetUpdates", "result":"DeleteReceived", "context":{"id":"dffb2c00-3a5d-4063-b544-edcaa9c51476", "isDeleted:":"true", "version":"1709318997572"}}
{"logTime": "1129/011148", "correlationVector":"k3kJheHtxDR15rBG1O4mK9.205","action":"GetUpdates", "result":"DeleteReceived", "context":{"id":"f25279e2-431a-4794-973f-9d09d499434e", "isDeleted:":"true", "version":"1709319000323"}}
{"logTime": "1129/011148", "correlationVector":"k3kJheHtxDR15rBG1O4mK9.206","action":"GetUpdates", "result":"DeleteReceived", "context":{"id":"34fb5937-b4f2-4906-9849-3d7d7857fcc6", "isDeleted:":"true", "version":"1709319000324"}}
{"logTime": "1129/011148", "correlationVector":"k3kJheHtxDR15rBG1O4mK9.207","action":"GetUpdates", "result":"DeleteReceived", "context":{"id":"19384f03-2404-4ca9-a6e6-bd4e08a5518a", "isDeleted:":"true", "version":"1709319000325"}}
{"logTime": "1129/011148", "correlationVector":"k3kJheHtxDR15rBG1O4mK9.208","action":"GetUpdates", "result":"DeleteReceived", "context":{"id":"79de29b0-7fde-4ffa-b108-f5084b44791f", "isDeleted:":"true", "version":"1709319000328"}}
{"logTime": "1129/011148", "correlationVector":"k3kJheHtxDR15rBG1O4mK9.209","action":"GetUpdates", "result":"DeleteReceived", "context":{"id":"e9417d56-e706-4549-b8f5-97141d76edd0", "isDeleted:":"true", "version":"1709319000329"}}
{"logTime": "1129/011148", "correlationVector":"k3kJheHtxDR15rBG1O4mK9.210","action":"GetUpdates", "result":"DeleteReceived", "context":{"id":"9a66bd44-9744-4fe2-8e27-f869fb01bde6", "isDeleted:":"true", "version":"1709319000332"}}
{"logTime": "1129/011148", "correlationVector":"k3kJheHtxDR15rBG1O4mK9.211","action":"GetUpdates", "result":"DeleteReceived", "context":{"id":"50cb7962-24d6-4562-8acd-78b6dcad99c1", "isDeleted:":"true", "version":"1709319000335"}}
{"logTime": "1129/011148", "correlationVector":"k3kJheHtxDR15rBG1O4mK9.212","action":"GetUpdates", "result":"DeleteReceived", "context":{"id":"61c6c58f-b380-4def-807f-00c0c77481bd", "isDeleted:":"true", "version":"1709319000338"}}
{"logTime": "1129/011148", "correlationVector":"k3kJheHtxDR15rBG1O4mK9.213","action":"GetUpdates", "result":"DeleteReceived", "context":{"id":"a705b292-135c-49d6-b26b-7f768b942455", "isDeleted:":"true", "version":"1709319000339"}}
{"logTime": "1129/011148", "correlationVector":"k3kJheHtxDR15rBG1O4mK9.214","action":"GetUpdates", "result":"DeleteReceived", "context":{"id":"c3bc9027-4609-4d85-80fb-273df3a942a8", "isDeleted:":"true", "version":"1709319000340"}}
{"logTime": "1129/011148", "correlationVector":"k3kJheHtxDR15rBG1O4mK9.215","action":"GetUpdates", "result":"DeleteReceived", "context":{"id":"687d013f-94ce-49c6-b268-d482e68938fc", "isDeleted:":"true", "version":"1709319000341"}}
{"logTime": "1129/011148", "correlationVector":"k3kJheHtxDR15rBG1O4mK9.216","action":"GetUpdates", "result":"DeleteReceived", "context":{"id":"3f71a5c5-2bfa-4c1d-90e2-2d6d32a9aa6b", "isDeleted:":"true", "version":"1709319000344"}}
{"logTime": "1129/011148", "correlationVector":"k3kJheHtxDR15rBG1O4mK9.217","action":"GetUpdates", "result":"DeleteReceived", "context":{"id":"033a267e-e0ce-4554-8620-de3e0793baa0", "isDeleted:":"true", "version":"1709319000346"}}
{"logTime": "1129/011148", "correlationVector":"k3kJheHtxDR15rBG1O4mK9.218","action":"GetUpdates", "result":"DeleteReceived", "context":{"id":"5b0f199b-ebfc-40a6-b77c-084d65d54453", "isDeleted:":"true", "version":"1709319000348"}}
{"logTime": "1129/011148", "correlationVector":"k3kJheHtxDR15rBG1O4mK9.219","action":"GetUpdates", "result":"DeleteReceived", "context":{"id":"785c1659-7782-44c8-aa48-bfe8afe3e9f0", "isDeleted:":"true", "version":"1709319000349"}}
{"logTime": "1129/011148", "correlationVector":"k3kJheHtxDR15rBG1O4mK9.220","action":"GetUpdates", "result":"DeleteReceived", "context":{"id":"89578de3-b6f4-45dc-9c0f-3611dff8e0d0", "isDeleted:":"true", "version":"1709319000351"}}
{"logTime": "1129/011148", "correlationVector":"k3kJheHtxDR15rBG1O4mK9.221","action":"GetUpdates", "result":"DeleteReceived", "context":{"id":"64adfc6f-4b05-402a-8ca3-15bca1a5c387", "isDeleted:":"true", "version":"1709319000352"}}
{"logTime": "1129/011148", "correlationVector":"k3kJheHtxDR15rBG1O4mK9.222","action":"GetUpdates", "result":"DeleteReceived", "context":{"id":"394e495f-4075-45d9-bcc6-5af6d610f508", "isDeleted:":"true", "version":"1709319000355"}}
{"logTime": "1129/011148", "correlationVector":"k3kJheHtxDR15rBG1O4mK9.223","action":"GetUpdates", "result":"DeleteReceived", "context":{"id":"9708e928-dacc-4d16-b5b2-b0ab4d37f205", "isDeleted:":"true", "version":"1709319000356"}}
{"logTime": "1129/011148", "correlationVector":"k3kJheHtxDR15rBG1O4mK9.224","action":"GetUpdates", "result":"DeleteReceived", "context":{"id":"6e2647ac-7031-4b13-b1b0-de149cef28d9", "isDeleted:":"true", "version":"1709319000360"}}
{"logTime": "1129/011148", "correlationVector":"k3kJheHtxDR15rBG1O4mK9.225","action":"GetUpdates", "result":"DeleteReceived", "context":{"id":"0ba0d764-0ff8-4f33-9b5b-8492035b1400", "isDeleted:":"true", "version":"1709319003107"}}
{"logTime": "1129/011148", "correlationVector":"k3kJheHtxDR15rBG1O4mK9.226","action":"GetUpdates", "result":"DeleteReceived", "context":{"id":"90831199-ceff-42a9-9cf7-6f271555ce10", "isDeleted:":"true", "version":"1709319003114"}}
{"logTime": "1129/011148", "correlationVector":"k3kJheHtxDR15rBG1O4mK9.227","action":"GetUpdates", "result":"DeleteReceived", "context":{"id":"aca5ab3e-e0dd-4b5e-a722-3a98173c0cc2", "isDeleted:":"true", "version":"1709319003117"}}
{"logTime": "1129/011148", "correlationVector":"k3kJheHtxDR15rBG1O4mK9.228","action":"GetUpdates", "result":"DeleteReceived", "context":{"id":"4064ac2d-add3-48ba-8cdf-2749e7bdce32", "isDeleted:":"true", "version":"1709319003119"}}
{"logTime": "1129/011148", "correlationVector":"k3kJheHtxDR15rBG1O4mK9.229","action":"GetUpdates", "result":"DeleteReceived", "context":{"id":"fd1eb64f-ff3b-453a-b477-2f127b72fb64", "isDeleted:":"true", "version":"1709319003123"}}
{"logTime": "1129/011148", "correlationVector":"k3kJheHtxDR15rBG1O4mK9.230","action":"GetUpdates", "result":"DeleteReceived", "context":{"id":"c5465ec2-ccd8-465e-871b-f09870a83e07", "isDeleted:":"true", "version":"1709319003124"}}
{"logTime": "1129/011148", "correlationVector":"k3kJheHtxDR15rBG1O4mK9.231","action":"GetUpdates", "result":"DeleteReceived", "context":{"id":"0ccd375c-ed26-497a-aa8d-95f024f7a83b", "isDeleted:":"true", "version":"1709319003126"}}
{"logTime": "1129/011148", "correlationVector":"k3kJheHtxDR15rBG1O4mK9.232","action":"GetUpdates Response", "result":"Success", "context":Received 250 update(s). cV=k3kJheHtxDR15rBG1O4mK9.0;server=GENERAL0100002R;cloudType=Consumer;environment=Prod_EastUS2_000e;migrationStage=NotStarted Some updates remain.}
{"logTime": "1129/011148", "correlationVector":"2lRrWffTaGGPGGiJlsvSG2","action":"Initial GetUpdates", "result":"", "context":Reason: NEWLY_SUPPORTED_DATATYPE. cV=2lRrWffTaGGPGGiJlsvSG2}
{"logTime": "1129/011148", "correlationVector":"2lRrWffTaGGPGGiJlsvSG2.1","action":"SyncServerConnectionManagerRequest", "result":"SYNC_SERVER_OK", "context":{"environment":"Prod_EastUS2_000e", "migrationStage":"NotStarted", "server":"GENERAL0100001R"}}
{"logTime": "1129/011148", "correlationVector":"2lRrWffTaGGPGGiJlsvSG2.2","action":"GetUpdates", "result":"DeleteReceived", "context":{"id":"8b6e9263-3f0a-46e0-ac34-77f0e4159af5", "isDeleted:":"true", "version":"1709319003128"}}
{"logTime": "1129/011148", "correlationVector":"2lRrWffTaGGPGGiJlsvSG2.3","action":"GetUpdates", "result":"DeleteReceived", "context":{"id":"52bead3f-b482-4d3c-9d1a-3b06b4c0a201", "isDeleted:":"true", "version":"1709319003137"}}
{"logTime": "1129/011148", "correlationVector":"2lRrWffTaGGPGGiJlsvSG2.4","action":"GetUpdates", "result":"DeleteReceived", "context":{"id":"2771cf1c-ed93-45fe-8170-a443eeca9f96", "isDeleted:":"true", "version":"1709319003144"}}
{"logTime": "1129/011148", "correlationVector":"2lRrWffTaGGPGGiJlsvSG2.5","action":"GetUpdates", "result":"DeleteReceived", "context":{"id":"71ae57bd-9e06-4da1-b0dd-33da6fe59957", "isDeleted:":"true", "version":"1709319003145"}}
{"logTime": "1129/011148", "correlationVector":"2lRrWffTaGGPGGiJlsvSG2.6","action":"GetUpdates", "result":"DeleteReceived", "context":{"id":"306bfd0a-cf21-4937-91ef-e3408347eee5", "isDeleted:":"true", "version":"1709319003146"}}
{"logTime": "1129/011148", "correlationVector":"2lRrWffTaGGPGGiJlsvSG2.7","action":"GetUpdates", "result":"DeleteReceived", "context":{"id":"9848f1bc-e85b-4106-864f-e088fe6f9e3d", "isDeleted:":"true", "version":"1709319005959"}}
{"logTime": "1129/011148", "correlationVector":"2lRrWffTaGGPGGiJlsvSG2.8","action":"GetUpdates", "result":"DeleteReceived", "context":{"id":"19e8d85a-6c3b-4d01-9dfc-ee4133303b07", "isDeleted:":"true", "version":"1709319005960"}}
{"logTime": "1129/011148", "correlationVector":"2lRrWffTaGGPGGiJlsvSG2.9","action":"GetUpdates", "result":"DeleteReceived", "context":{"id":"3cc09428-901b-446a-8b22-38ecc4117a1a", "isDeleted:":"true", "version":"1709319005962"}}
{"logTime": "1129/011148", "correlationVector":"2lRrWffTaGGPGGiJlsvSG2.10","action":"GetUpdates", "result":"DeleteReceived", "context":{"id":"79dbf560-c1e4-4a98-9f1a-5dbd009fc032", "isDeleted:":"true", "version":"1709319005964"}}
{"logTime": "1129/011148", "correlationVector":"2lRrWffTaGGPGGiJlsvSG2.11","action":"GetUpdates", "result":"DeleteReceived", "context":{"id":"bd294147-af61-401b-9435-c055423b2b3b", "isDeleted:":"true", "version":"1709319005967"}}
{"logTime": "1129/011148", "correlationVector":"2lRrWffTaGGPGGiJlsvSG2.12","action":"GetUpdates", "result":"DeleteReceived", "context":{"id":"4abcffc1-30ba-4c33-be2d-8ab770a97ff3", "isDeleted:":"true", "version":"1709319005970"}}
{"logTime": "1129/011148", "correlationVector":"2lRrWffTaGGPGGiJlsvSG2.13","action":"GetUpdates", "result":"DeleteReceived", "context":{"id":"a74e8fb9-efcd-4b5a-a756-76e1110e4c45", "isDeleted:":"true", "version":"1709319005971"}}
{"logTime": "1129/011148", "correlationVector":"2lRrWffTaGGPGGiJlsvSG2.14","action":"GetUpdates", "result":"DeleteReceived", "context":{"id":"c20d3dc2-2597-42cf-bbc5-4837dec5b49d", "isDeleted:":"true", "version":"1709319005974"}}
{"logTime": "1129/011148", "correlationVector":"2lRrWffTaGGPGGiJlsvSG2.15","action":"GetUpdates", "result":"DeleteReceived", "context":{"id":"c1215c22-8fc4-4fb4-ae7c-d1796d66aa40", "isDeleted:":"true", "version":"1709319005976"}}
{"logTime": "1129/011148", "correlationVector":"2lRrWffTaGGPGGiJlsvSG2.16","action":"GetUpdates", "result":"DeleteReceived", "context":{"id":"e8f6c076-d32c-48d0-9388-7df5ad382e2a", "isDeleted:":"true", "version":"1709319005977"}}
{"logTime": "1129/011148", "correlationVector":"2lRrWffTaGGPGGiJlsvSG2.17","action":"GetUpdates", "result":"DeleteReceived", "context":{"id":"b6bceba3-f235-446e-963d-56fb3021e464", "isDeleted:":"true", "version":"1709319005981"}}
{"logTime": "1129/011148", "correlationVector":"2lRrWffTaGGPGGiJlsvSG2.18","action":"GetUpdates", "result":"DeleteReceived", "context":{"id":"f751705b-4987-4164-83c9-75d879d227c7", "isDeleted:":"true", "version":"1709319005982"}}
{"logTime": "1129/011148", "correlationVector":"2lRrWffTaGGPGGiJlsvSG2.19","action":"GetUpdates", "result":"DeleteReceived", "context":{"id":"170492e8-b725-4282-9342-3eee8a5188e8", "isDeleted:":"true", "version":"1709319005983"}}
{"logTime": "1129/011148", "correlationVector":"2lRrWffTaGGPGGiJlsvSG2.20","action":"GetUpdates", "result":"DeleteReceived", "context":{"id":"5853f183-3669-40bd-9f62-33c0115cabc9", "isDeleted:":"true", "version":"1709319005988"}}
{"logTime": "1129/011148", "correlationVector":"2lRrWffTaGGPGGiJlsvSG2.21","action":"GetUpdates", "result":"DeleteReceived", "context":{"id":"1edb1e36-c827-4d8f-b25d-c768037d5e92", "isDeleted:":"true", "version":"1709319005989"}}
{"logTime": "1129/011148", "correlationVector":"2lRrWffTaGGPGGiJlsvSG2.22","action":"GetUpdates", "result":"DeleteReceived", "context":{"id":"09e245d1-45fb-4853-bfc9-0250b98f4a00", "isDeleted:":"true", "version":"1709319005990"}}
{"logTime": "1129/011148", "correlationVector":"2lRrWffTaGGPGGiJlsvSG2.23","action":"GetUpdates", "result":"DeleteReceived", "context":{"id":"934bed37-624a-4de8-b232-96ce1086df6b", "isDeleted:":"true", "version":"1709319005991"}}
{"logTime": "1129/011148", "correlationVector":"2lRrWffTaGGPGGiJlsvSG2.24","action":"GetUpdates", "result":"DeleteReceived", "context":{"id":"74a567e6-d3b9-4f66-ac72-5b7c37492f51", "isDeleted:":"true", "version":"1709425568985"}}
{"logTime": "1129/011148", "correlationVector":"2lRrWffTaGGPGGiJlsvSG2.25","action":"GetUpdates", "result":"DeleteReceived", "context":{"id":"539a0be1-895e-48f9-bb1f-71cfb9278bc8", "isDeleted:":"true", "version":"1709437312211"}}
{"logTime": "1129/011148", "correlationVector":"2lRrWffTaGGPGGiJlsvSG2.26","action":"GetUpdates", "result":"DeleteReceived", "context":{"id":"01c8ac17-ec54-4a87-b86b-d62e5cbf3c82", "isDeleted:":"true", "version":"1711416118350"}}
{"logTime": "1129/011148", "correlationVector":"2lRrWffTaGGPGGiJlsvSG2.27","action":"GetUpdates", "result":"DeleteReceived", "context":{"id":"f4009ba9-cb78-42eb-8a0b-963e0d561674", "isDeleted:":"true", "version":"1719346674039"}}
{"logTime": "1129/011148", "correlationVector":"2lRrWffTaGGPGGiJlsvSG2.28","action":"GetUpdates", "result":"DeleteReceived", "context":{"id":"aa97cf20-3e32-4d68-95cb-34c9ee0198c8", "isDeleted:":"true", "version":"1719347096797"}}
{"logTime": "1129/011148", "correlationVector":"2lRrWffTaGGPGGiJlsvSG2.29","action":"GetUpdates", "result":"DeleteReceived", "context":{"id":"b5333325-7386-4e9d-ba04-619f4c1c71a8", "isDeleted:":"true", "version":"1723338765746"}}
{"logTime": "1129/011148", "correlationVector":"2lRrWffTaGGPGGiJlsvSG2.30","action":"GetUpdates", "result":"DeleteReceived", "context":{"id":"869323d9-eda3-4239-929c-5a37a8b0d33d", "isDeleted:":"true", "version":"1723338765749"}}
{"logTime": "1129/011148", "correlationVector":"2lRrWffTaGGPGGiJlsvSG2.31","action":"GetUpdates", "result":"DeleteReceived", "context":{"id":"f03a6d81-63b3-4851-8246-79cb5175c02e", "isDeleted:":"true", "version":"1723338765750"}}
{"logTime": "1129/011148", "correlationVector":"2lRrWffTaGGPGGiJlsvSG2.32","action":"GetUpdates", "result":"DeleteReceived", "context":{"id":"061b1a50-9490-4889-9d92-c4a69b6fa7c3", "isDeleted:":"true", "version":"1723338765753"}}
{"logTime": "1129/011148", "correlationVector":"2lRrWffTaGGPGGiJlsvSG2.33","action":"GetUpdates", "result":"DeleteReceived", "context":{"id":"d94ee1a1-fa94-42d1-a383-97e97179b2c4", "isDeleted:":"true", "version":"1723338765754"}}
{"logTime": "1129/011148", "correlationVector":"2lRrWffTaGGPGGiJlsvSG2.34","action":"GetUpdates", "result":"DeleteReceived", "context":{"id":"a94d7ad1-8fd5-42ce-b739-6f18b65967b6", "isDeleted:":"true", "version":"1723338765755"}}
{"logTime": "1129/011148", "correlationVector":"2lRrWffTaGGPGGiJlsvSG2.35","action":"GetUpdates", "result":"DeleteReceived", "context":{"id":"a05ce001-ba15-40da-8032-52c0156b5780", "isDeleted:":"true", "version":"1723338765756"}}
{"logTime": "1129/011148", "correlationVector":"2lRrWffTaGGPGGiJlsvSG2.36","action":"GetUpdates", "result":"DeleteReceived", "context":{"id":"a3a4014f-4dcc-48f7-8939-4f50184d06db", "isDeleted:":"true", "version":"1723338765759"}}
{"logTime": "1129/011148", "correlationVector":"2lRrWffTaGGPGGiJlsvSG2.37","action":"GetUpdates", "result":"DeleteReceived", "context":{"id":"2cd40f90-2c26-4f4f-b010-477c231ec81f", "isDeleted:":"true", "version":"1723338765763"}}
{"logTime": "1129/011148", "correlationVector":"2lRrWffTaGGPGGiJlsvSG2.38","action":"GetUpdates", "result":"DeleteReceived", "context":{"id":"6560a321-c97b-46c9-928b-134e0cc2a3ae", "isDeleted:":"true", "version":"1723338765764"}}
{"logTime": "1129/011148", "correlationVector":"2lRrWffTaGGPGGiJlsvSG2.39","action":"GetUpdates", "result":"DeleteReceived", "context":{"id":"3481ae8a-0715-4b30-9f72-74b4dac7ab88", "isDeleted:":"true", "version":"1723338765765"}}
{"logTime": "1129/011148", "correlationVector":"2lRrWffTaGGPGGiJlsvSG2.40","action":"GetUpdates", "result":"DeleteReceived", "context":{"id":"0ae92b31-a2b5-44fd-baed-e8e4b5a73c8f", "isDeleted:":"true", "version":"1723338765766"}}
{"logTime": "1129/011148", "correlationVector":"2lRrWffTaGGPGGiJlsvSG2.41","action":"GetUpdates", "result":"DeleteReceived", "context":{"id":"59694f4d-79ca-4ced-a9ac-93272ac04f1a", "isDeleted:":"true", "version":"1723338765767"}}
{"logTime": "1129/011148", "correlationVector":"2lRrWffTaGGPGGiJlsvSG2.42","action":"GetUpdates", "result":"DeleteReceived", "context":{"id":"5b3a4d80-5422-45d7-a213-f6db2c6e40a5", "isDeleted:":"true", "version":"1723338765772"}}
{"logTime": "1129/011148", "correlationVector":"2lRrWffTaGGPGGiJlsvSG2.43","action":"GetUpdates", "result":"DeleteReceived", "context":{"id":"be6f444d-b7db-4117-ad81-1f6ed609ce12", "isDeleted:":"true", "version":"1723338765774"}}
{"logTime": "1129/011148", "correlationVector":"2lRrWffTaGGPGGiJlsvSG2.44","action":"GetUpdates", "result":"DeleteReceived", "context":{"id":"03878e1e-d2e3-4ac2-92e7-b515e0fbd44d", "isDeleted:":"true", "version":"1723338765775"}}
{"logTime": "1129/011148", "correlationVector":"2lRrWffTaGGPGGiJlsvSG2.45","action":"GetUpdates", "result":"DeleteReceived", "context":{"id":"dbe73f59-7cef-41ae-83df-aef4b0cc926e", "isDeleted:":"true", "version":"1723338765778"}}
{"logTime": "1129/011148", "correlationVector":"2lRrWffTaGGPGGiJlsvSG2.46","action":"GetUpdates", "result":"DeleteReceived", "context":{"id":"a6b550d3-ba57-4bde-838d-eb55c18ff938", "isDeleted:":"true", "version":"1723338765780"}}
{"logTime": "1129/011148", "correlationVector":"2lRrWffTaGGPGGiJlsvSG2.47","action":"GetUpdates", "result":"DeleteReceived", "context":{"id":"60e6c4ba-2944-442a-b737-69d29968492b", "isDeleted:":"true", "version":"1723338765782"}}
{"logTime": "1129/011148", "correlationVector":"2lRrWffTaGGPGGiJlsvSG2.48","action":"GetUpdates", "result":"DeleteReceived", "context":{"id":"4f9d71a3-5076-4ecf-8067-ac47e3998ead", "isDeleted:":"true", "version":"1723338765783"}}
{"logTime": "1129/011148", "correlationVector":"2lRrWffTaGGPGGiJlsvSG2.49","action":"GetUpdates", "result":"DeleteReceived", "context":{"id":"971677b5-c348-4ee1-9f20-35fbfff00263", "isDeleted:":"true", "version":"1723338765784"}}
{"logTime": "1129/011148", "correlationVector":"2lRrWffTaGGPGGiJlsvSG2.50","action":"GetUpdates", "result":"DeleteReceived", "context":{"id":"6060ac1e-51fd-4cb4-93e1-bc6670cbc1dc", "isDeleted:":"true", "version":"1723338769414"}}
{"logTime": "1129/011148", "correlationVector":"2lRrWffTaGGPGGiJlsvSG2.51","action":"GetUpdates", "result":"DeleteReceived", "context":{"id":"958469be-6c5f-4126-8dcd-b01dfa38f0b5", "isDeleted:":"true", "version":"1723338769416"}}
{"logTime": "1129/011148", "correlationVector":"2lRrWffTaGGPGGiJlsvSG2.52","action":"GetUpdates", "result":"DeleteReceived", "context":{"id":"1e18d1ca-8fa1-4a6b-a88d-7a4e6ae23117", "isDeleted:":"true", "version":"1723338769420"}}
{"logTime": "1129/011148", "correlationVector":"2lRrWffTaGGPGGiJlsvSG2.53","action":"GetUpdates", "result":"DeleteReceived", "context":{"id":"bcf2e67c-ffeb-41fe-b0e8-83870758a573", "isDeleted:":"true", "version":"1723338769423"}}
{"logTime": "1129/011148", "correlationVector":"2lRrWffTaGGPGGiJlsvSG2.54","action":"GetUpdates", "result":"DeleteReceived", "context":{"id":"be2ffe61-c558-4834-81b8-a85546f9c363", "isDeleted:":"true", "version":"1723338769426"}}
{"logTime": "1129/011148", "correlationVector":"2lRrWffTaGGPGGiJlsvSG2.55","action":"GetUpdates", "result":"DeleteReceived", "context":{"id":"6e4046ab-2b2a-4afd-b6fc-091c415a534f", "isDeleted:":"true", "version":"1723338769428"}}
{"logTime": "1129/011148", "correlationVector":"2lRrWffTaGGPGGiJlsvSG2.56","action":"GetUpdates", "result":"DeleteReceived", "context":{"id":"2de8e7be-214e-4827-b679-4720ac96234a", "isDeleted:":"true", "version":"1723338769429"}}
{"logTime": "1129/011148", "correlationVector":"2lRrWffTaGGPGGiJlsvSG2.57","action":"GetUpdates", "result":"DeleteReceived", "context":{"id":"c14dfc5c-de59-4bda-96cc-e9a5732f5ed1", "isDeleted:":"true", "version":"1723338769432"}}
{"logTime": "1129/011148", "correlationVector":"2lRrWffTaGGPGGiJlsvSG2.58","action":"GetUpdates", "result":"DeleteReceived", "context":{"id":"71b18b8b-8584-4655-8fbd-c72519906fd2", "isDeleted:":"true", "version":"1723338769433"}}
{"logTime": "1129/011148", "correlationVector":"2lRrWffTaGGPGGiJlsvSG2.59","action":"GetUpdates", "result":"DeleteReceived", "context":{"id":"0b6c2104-eb8a-4ffc-80f8-669dd11d7748", "isDeleted:":"true", "version":"1723338769436"}}
{"logTime": "1129/011148", "correlationVector":"2lRrWffTaGGPGGiJlsvSG2.60","action":"GetUpdates", "result":"DeleteReceived", "context":{"id":"c1ebcb1a-4a56-4875-9f40-92e7ccec36ef", "isDeleted:":"true", "version":"1723338769438"}}
{"logTime": "1129/011148", "correlationVector":"2lRrWffTaGGPGGiJlsvSG2.61","action":"GetUpdates", "result":"DeleteReceived", "context":{"id":"8b9447c5-0fd5-4aaf-91b0-cdc4defa1477", "isDeleted:":"true", "version":"1723338769439"}}
{"logTime": "1129/011148", "correlationVector":"2lRrWffTaGGPGGiJlsvSG2.62","action":"GetUpdates", "result":"DeleteReceived", "context":{"id":"6cfbc5ca-fe2c-485e-9566-e28008d024cf", "isDeleted:":"true", "version":"1723338769441"}}
{"logTime": "1129/011148", "correlationVector":"2lRrWffTaGGPGGiJlsvSG2.63","action":"GetUpdates", "result":"DeleteReceived", "context":{"id":"75f38e80-c6be-4c1e-9655-1adda490ed87", "isDeleted:":"true", "version":"1723338769443"}}
{"logTime": "1129/011148", "correlationVector":"2lRrWffTaGGPGGiJlsvSG2.64","action":"GetUpdates", "result":"DeleteReceived", "context":{"id":"dc9a3c4c-bd17-429d-bb00-0265cb94844a", "isDeleted:":"true", "version":"1723338769445"}}
{"logTime": "1129/011148", "correlationVector":"2lRrWffTaGGPGGiJlsvSG2.65","action":"GetUpdates", "result":"DeleteReceived", "context":{"id":"3dceeada-dd92-4e29-bd99-2b2d62072d09", "isDeleted:":"true", "version":"1723338769446"}}
{"logTime": "1129/011148", "correlationVector":"2lRrWffTaGGPGGiJlsvSG2.66","action":"GetUpdates", "result":"DeleteReceived", "context":{"id":"6b90933d-19f4-4b06-8101-766952e8207d", "isDeleted:":"true", "version":"1723338771625"}}
{"logTime": "1129/011148", "correlationVector":"2lRrWffTaGGPGGiJlsvSG2.67","action":"GetUpdates", "result":"DeleteReceived", "context":{"id":"537f8136-5769-4b69-98d5-9beb1bf4d46d", "isDeleted:":"true", "version":"1723338771626"}}
{"logTime": "1129/011148", "correlationVector":"2lRrWffTaGGPGGiJlsvSG2.68","action":"GetUpdates", "result":"DeleteReceived", "context":{"id":"b10fe24a-9f10-459a-875e-3871c655e61c", "isDeleted:":"true", "version":"1723338771627"}}
{"logTime": "1129/011148", "correlationVector":"2lRrWffTaGGPGGiJlsvSG2.69","action":"GetUpdates", "result":"DeleteReceived", "context":{"id":"8d4bab0e-05f4-4726-8f2e-230f1a412d0f", "isDeleted:":"true", "version":"1723338771628"}}
{"logTime": "1129/011148", "correlationVector":"2lRrWffTaGGPGGiJlsvSG2.70","action":"GetUpdates", "result":"DeleteReceived", "context":{"id":"037f0b7a-7232-4c29-b9b7-11a1a18bd956", "isDeleted:":"true", "version":"1723338771630"}}
{"logTime": "1129/011148", "correlationVector":"2lRrWffTaGGPGGiJlsvSG2.71","action":"GetUpdates", "result":"DeleteReceived", "context":{"id":"db3f83e8-62ac-4c53-ab07-62641adef259", "isDeleted:":"true", "version":"1723338771632"}}
{"logTime": "1129/011148", "correlationVector":"2lRrWffTaGGPGGiJlsvSG2.72","action":"GetUpdates", "result":"DeleteReceived", "context":{"id":"73aab736-41fe-42c4-a826-795963169e7b", "isDeleted:":"true", "version":"1723338771634"}}
{"logTime": "1129/011148", "correlationVector":"2lRrWffTaGGPGGiJlsvSG2.73","action":"GetUpdates", "result":"DeleteReceived", "context":{"id":"01143c84-e680-467b-ae01-facb5be91dba", "isDeleted:":"true", "version":"1723338771635"}}
{"logTime": "1129/011148", "correlationVector":"2lRrWffTaGGPGGiJlsvSG2.74","action":"GetUpdates", "result":"DeleteReceived", "context":{"id":"6094e980-da22-41e2-b256-354faed17d53", "isDeleted:":"true", "version":"1723338771636"}}
{"logTime": "1129/011148", "correlationVector":"2lRrWffTaGGPGGiJlsvSG2.75","action":"GetUpdates", "result":"DeleteReceived", "context":{"id":"d3311c6f-9740-4c84-8963-d9d5a95cf5d3", "isDeleted:":"true", "version":"1723338771638"}}
{"logTime": "1129/011148", "correlationVector":"2lRrWffTaGGPGGiJlsvSG2.76","action":"GetUpdates", "result":"DeleteReceived", "context":{"id":"0b5d30a5-fba5-470b-827c-3f9cf0314205", "isDeleted:":"true", "version":"1723338771641"}}
{"logTime": "1129/011148", "correlationVector":"2lRrWffTaGGPGGiJlsvSG2.77","action":"GetUpdates", "result":"DeleteReceived", "context":{"id":"4dac8918-51d3-4602-8be9-9d0a98cac1ba", "isDeleted:":"true", "version":"1723338771642"}}
{"logTime": "1129/011148", "correlationVector":"2lRrWffTaGGPGGiJlsvSG2.78","action":"GetUpdates", "result":"DeleteReceived", "context":{"id":"1c02d358-f3e8-4394-8557-e4582c0498e8", "isDeleted:":"true", "version":"1723338771643"}}
{"logTime": "1129/011148", "correlationVector":"2lRrWffTaGGPGGiJlsvSG2.79","action":"GetUpdates", "result":"DeleteReceived", "context":{"id":"3ddddfc1-44c3-4f32-b9cc-9d253239e2fa", "isDeleted:":"true", "version":"1723338771648"}}
{"logTime": "1129/011148", "correlationVector":"2lRrWffTaGGPGGiJlsvSG2.80","action":"GetUpdates", "result":"DeleteReceived", "context":{"id":"8e7376aa-9621-4387-8d7e-cd057a2b644d", "isDeleted:":"true", "version":"1723338771649"}}
{"logTime": "1129/011148", "correlationVector":"2lRrWffTaGGPGGiJlsvSG2.81","action":"GetUpdates", "result":"DeleteReceived", "context":{"id":"ffcf8523-4e00-4659-b59f-da12441d47db", "isDeleted:":"true", "version":"1723338771650"}}
{"logTime": "1129/011148", "correlationVector":"2lRrWffTaGGPGGiJlsvSG2.82","action":"GetUpdates", "result":"DeleteReceived", "context":{"id":"7ef0712e-ba13-447a-805c-0cd14a0cd250", "isDeleted:":"true", "version":"1723338771651"}}
{"logTime": "1129/011148", "correlationVector":"2lRrWffTaGGPGGiJlsvSG2.83","action":"GetUpdates", "result":"DeleteReceived", "context":{"id":"009fe95d-5fb4-4fa4-ac24-120bee60a41d", "isDeleted:":"true", "version":"1723338771652"}}
{"logTime": "1129/011148", "correlationVector":"2lRrWffTaGGPGGiJlsvSG2.84","action":"GetUpdates", "result":"DeleteReceived", "context":{"id":"ff2e0bb4-8cef-48a3-8b2e-eb461d31761f", "isDeleted:":"true", "version":"1723338771655"}}
{"logTime": "1129/011148", "correlationVector":"2lRrWffTaGGPGGiJlsvSG2.85","action":"GetUpdates", "result":"DeleteReceived", "context":{"id":"71f34261-a186-4aa0-9cb4-fa94cd217b31", "isDeleted:":"true", "version":"1723338771659"}}
{"logTime": "1129/011148", "correlationVector":"2lRrWffTaGGPGGiJlsvSG2.86","action":"GetUpdates", "result":"DeleteReceived", "context":{"id":"82fa3b94-6201-483e-be96-ba78a81499a6", "isDeleted:":"true", "version":"1723338773804"}}
{"logTime": "1129/011148", "correlationVector":"2lRrWffTaGGPGGiJlsvSG2.87","action":"GetUpdates", "result":"DeleteReceived", "context":{"id":"6acde808-e091-4020-ba14-538645c000c6", "isDeleted:":"true", "version":"1723338773807"}}
{"logTime": "1129/011148", "correlationVector":"2lRrWffTaGGPGGiJlsvSG2.88","action":"GetUpdates", "result":"DeleteReceived", "context":{"id":"fd52a614-1ea2-41d3-9f7f-f905f38bc7d9", "isDeleted:":"true", "version":"1723338773808"}}
{"logTime": "1129/011148", "correlationVector":"2lRrWffTaGGPGGiJlsvSG2.89","action":"GetUpdates", "result":"DeleteReceived", "context":{"id":"d699bc77-63a9-4ff1-bfa8-d2cf93098c9b", "isDeleted:":"true", "version":"1723338773816"}}
{"logTime": "1129/011148", "correlationVector":"2lRrWffTaGGPGGiJlsvSG2.90","action":"GetUpdates", "result":"DeleteReceived", "context":{"id":"d02dd083-580b-4408-b607-cadcc1488488", "isDeleted:":"true", "version":"1723338773820"}}
{"logTime": "1129/011148", "correlationVector":"2lRrWffTaGGPGGiJlsvSG2.91","action":"GetUpdates", "result":"DeleteReceived", "context":{"id":"23695a7a-c317-4196-ae79-6cd06ec7ae76", "isDeleted:":"true", "version":"1723338773821"}}
{"logTime": "1129/011148", "correlationVector":"2lRrWffTaGGPGGiJlsvSG2.92","action":"GetUpdates", "result":"DeleteReceived", "context":{"id":"bf44acf0-d8f6-4acf-9cf0-e4780122767a", "isDeleted:":"true", "version":"1723338773824"}}
{"logTime": "1129/011148", "correlationVector":"2lRrWffTaGGPGGiJlsvSG2.93","action":"GetUpdates", "result":"DeleteReceived", "context":{"id":"51c3489b-125f-4102-a744-a77caffc2678", "isDeleted:":"true", "version":"1723338773826"}}
{"logTime": "1129/011148", "correlationVector":"2lRrWffTaGGPGGiJlsvSG2.94","action":"GetUpdates", "result":"DeleteReceived", "context":{"id":"dab80004-82eb-415b-8c11-0e3cd40cae13", "isDeleted:":"true", "version":"1723338773830"}}
{"logTime": "1129/011148", "correlationVector":"2lRrWffTaGGPGGiJlsvSG2.95","action":"GetUpdates", "result":"DeleteReceived", "context":{"id":"ad1e912a-bbf9-4296-9d34-1dc9988e7a50", "isDeleted:":"true", "version":"1723338773831"}}
{"logTime": "1129/011148", "correlationVector":"2lRrWffTaGGPGGiJlsvSG2.96","action":"GetUpdates", "result":"DeleteReceived", "context":{"id":"0e619e5f-5578-49ef-a434-4963af70872c", "isDeleted:":"true", "version":"1723338773833"}}
{"logTime": "1129/011148", "correlationVector":"2lRrWffTaGGPGGiJlsvSG2.97","action":"GetUpdates", "result":"DeleteReceived", "context":{"id":"7910521c-e597-4e23-ae0b-b99f5511db1c", "isDeleted:":"true", "version":"1723338773834"}}
{"logTime": "1129/011148", "correlationVector":"2lRrWffTaGGPGGiJlsvSG2.98","action":"GetUpdates", "result":"DeleteReceived", "context":{"id":"ec226e82-a8fd-4bfc-8f0f-62e354acb7b6", "isDeleted:":"true", "version":"1723338773836"}}
{"logTime": "1129/011148", "correlationVector":"2lRrWffTaGGPGGiJlsvSG2.99","action":"GetUpdates", "result":"DeleteReceived", "context":{"id":"31092a07-483d-437b-8c43-da52e53e14db", "isDeleted:":"true", "version":"1723338773839"}}
{"logTime": "1129/011148", "correlationVector":"2lRrWffTaGGPGGiJlsvSG2.100","action":"GetUpdates", "result":"DeleteReceived", "context":{"id":"dabebfcd-0a83-476f-86ab-4274c9e27cfe", "isDeleted:":"true", "version":"1723338776027"}}
{"logTime": "1129/011148", "correlationVector":"2lRrWffTaGGPGGiJlsvSG2.101","action":"GetUpdates", "result":"DeleteReceived", "context":{"id":"012f2837-4884-40b9-9cf4-433f81a2a1c3", "isDeleted:":"true", "version":"1723338776028"}}
{"logTime": "1129/011148", "correlationVector":"2lRrWffTaGGPGGiJlsvSG2.102","action":"GetUpdates", "result":"DeleteReceived", "context":{"id":"389af1b3-8c49-460b-9820-0748112ff49d", "isDeleted:":"true", "version":"1723338776032"}}
{"logTime": "1129/011148", "correlationVector":"2lRrWffTaGGPGGiJlsvSG2.103","action":"GetUpdates", "result":"DeleteReceived", "context":{"id":"aef8acdb-5ec9-4b95-8104-05ad036e0235", "isDeleted:":"true", "version":"1723338776037"}}
{"logTime": "1129/011148", "correlationVector":"2lRrWffTaGGPGGiJlsvSG2.104","action":"GetUpdates", "result":"DeleteReceived", "context":{"id":"2faf5ef5-631f-454e-aeb9-2b4957d55315", "isDeleted:":"true", "version":"1723338776038"}}
{"logTime": "1129/011148", "correlationVector":"2lRrWffTaGGPGGiJlsvSG2.105","action":"GetUpdates", "result":"DeleteReceived", "context":{"id":"921a64ae-062b-418e-9375-417448a7c276", "isDeleted:":"true", "version":"1723338776039"}}
{"logTime": "1129/011148", "correlationVector":"2lRrWffTaGGPGGiJlsvSG2.106","action":"GetUpdates", "result":"DeleteReceived", "context":{"id":"8d6f305e-d68e-413f-af14-5109b35f0a8b", "isDeleted:":"true", "version":"1723338776040"}}
{"logTime": "1129/011148", "correlationVector":"2lRrWffTaGGPGGiJlsvSG2.107","action":"GetUpdates", "result":"DeleteReceived", "context":{"id":"a6e82fbe-a248-44af-b707-69d46b49c0aa", "isDeleted:":"true", "version":"1723338776044"}}
{"logTime": "1129/011148", "correlationVector":"2lRrWffTaGGPGGiJlsvSG2.108","action":"GetUpdates", "result":"DeleteReceived", "context":{"id":"072fb7d2-a2ff-45e0-b0ce-202b1425f63e", "isDeleted:":"true", "version":"1723338776045"}}
{"logTime": "1129/011148", "correlationVector":"2lRrWffTaGGPGGiJlsvSG2.109","action":"GetUpdates", "result":"DeleteReceived", "context":{"id":"2d77769f-fec5-407d-a37f-20342d4f017e", "isDeleted:":"true", "version":"1723338776050"}}
{"logTime": "1129/011148", "correlationVector":"2lRrWffTaGGPGGiJlsvSG2.110","action":"GetUpdates", "result":"DeleteReceived", "context":{"id":"0c29dfbd-90c0-45da-a11c-fed3600db86b", "isDeleted:":"true", "version":"1723338776054"}}
{"logTime": "1129/011148", "correlationVector":"2lRrWffTaGGPGGiJlsvSG2.111","action":"GetUpdates", "result":"DeleteReceived", "context":{"id":"43f6ed4e-7a91-4bee-8711-392c31015afc", "isDeleted:":"true", "version":"1723338776055"}}
{"logTime": "1129/011148", "correlationVector":"2lRrWffTaGGPGGiJlsvSG2.112","action":"GetUpdates", "result":"DeleteReceived", "context":{"id":"ff895f86-6ed9-420a-9242-6e846a13a573", "isDeleted:":"true", "version":"1723338776062"}}
{"logTime": "1129/011148", "correlationVector":"2lRrWffTaGGPGGiJlsvSG2.113","action":"GetUpdates", "result":"DeleteReceived", "context":{"id":"6e5dbae5-8a22-4038-9f2c-f8e316870b9a", "isDeleted:":"true", "version":"1723338778161"}}
{"logTime": "1129/011148", "correlationVector":"2lRrWffTaGGPGGiJlsvSG2.114","action":"GetUpdates", "result":"DeleteReceived", "context":{"id":"ac6d02dc-108a-46d9-8c9c-285203532b87", "isDeleted:":"true", "version":"1723338778162"}}
{"logTime": "1129/011148", "correlationVector":"2lRrWffTaGGPGGiJlsvSG2.115","action":"GetUpdates", "result":"DeleteReceived", "context":{"id":"ef84c3d2-f697-486f-b016-c82dc7e84ac7", "isDeleted:":"true", "version":"1723338778163"}}
{"logTime": "1129/011148", "correlationVector":"2lRrWffTaGGPGGiJlsvSG2.116","action":"GetUpdates", "result":"DeleteReceived", "context":{"id":"a961cb62-1ba1-4dde-bf9b-00c222d991a1", "isDeleted:":"true", "version":"1723338778166"}}
{"logTime": "1129/011148", "correlationVector":"2lRrWffTaGGPGGiJlsvSG2.117","action":"GetUpdates", "result":"DeleteReceived", "context":{"id":"9f15c6b9-4a28-460a-bc40-7d004cf562ad", "isDeleted:":"true", "version":"1723338778167"}}
{"logTime": "1129/011148", "correlationVector":"2lRrWffTaGGPGGiJlsvSG2.118","action":"GetUpdates", "result":"DeleteReceived", "context":{"id":"064cb406-bd46-43b0-b93f-145de97ec669", "isDeleted:":"true", "version":"1723338778171"}}
{"logTime": "1129/011148", "correlationVector":"2lRrWffTaGGPGGiJlsvSG2.119","action":"GetUpdates", "result":"DeleteReceived", "context":{"id":"c11ce739-24c2-428f-bf7d-ab90b7e87356", "isDeleted:":"true", "version":"1723338778172"}}
{"logTime": "1129/011148", "correlationVector":"2lRrWffTaGGPGGiJlsvSG2.120","action":"GetUpdates", "result":"DeleteReceived", "context":{"id":"44a8cc58-a615-4d8e-adf5-e3613d4a94ac", "isDeleted:":"true", "version":"1723338778173"}}
{"logTime": "1129/011148", "correlationVector":"2lRrWffTaGGPGGiJlsvSG2.121","action":"GetUpdates", "result":"DeleteReceived", "context":{"id":"f8d12896-6b00-4c8e-9a0a-6e6ce1073dad", "isDeleted:":"true", "version":"1723338778174"}}
{"logTime": "1129/011148", "correlationVector":"2lRrWffTaGGPGGiJlsvSG2.122","action":"GetUpdates", "result":"DeleteReceived", "context":{"id":"bdcaf70f-bd73-4b0a-981c-90d1e39f1e73", "isDeleted:":"true", "version":"1723338778175"}}
{"logTime": "1129/011148", "correlationVector":"2lRrWffTaGGPGGiJlsvSG2.123","action":"GetUpdates", "result":"DeleteReceived", "context":{"id":"299c6630-8f18-4d72-a073-5654d72a3be1", "isDeleted:":"true", "version":"1723338778180"}}
{"logTime": "1129/011148", "correlationVector":"2lRrWffTaGGPGGiJlsvSG2.124","action":"GetUpdates", "result":"DeleteReceived", "context":{"id":"adb085c8-0022-4cf6-83e0-0bfe6ba1d0fd", "isDeleted:":"true", "version":"1723338778183"}}
{"logTime": "1129/011148", "correlationVector":"2lRrWffTaGGPGGiJlsvSG2.125","action":"GetUpdates", "result":"DeleteReceived", "context":{"id":"a0bc9a27-30a7-4a1a-8b3b-52f94e64b7bf", "isDeleted:":"true", "version":"1723338778185"}}
{"logTime": "1129/011148", "correlationVector":"2lRrWffTaGGPGGiJlsvSG2.126","action":"GetUpdates", "result":"DeleteReceived", "context":{"id":"f13b7845-9344-48b4-8368-5807bc38360d", "isDeleted:":"true", "version":"1723338778187"}}
{"logTime": "1129/011148", "correlationVector":"2lRrWffTaGGPGGiJlsvSG2.127","action":"GetUpdates", "result":"DeleteReceived", "context":{"id":"f799dbf2-3ed3-4645-bf18-d7194dc98185", "isDeleted:":"true", "version":"1723338778189"}}
{"logTime": "1129/011148", "correlationVector":"2lRrWffTaGGPGGiJlsvSG2.128","action":"GetUpdates", "result":"DeleteReceived", "context":{"id":"2ec1a939-fa12-4bdb-8382-a6efec14c5fe", "isDeleted:":"true", "version":"1723338778193"}}
{"logTime": "1129/011148", "correlationVector":"2lRrWffTaGGPGGiJlsvSG2.129","action":"GetUpdates", "result":"DeleteReceived", "context":{"id":"0838ce1d-d26f-45a2-905e-3154398a4039", "isDeleted:":"true", "version":"1723338778196"}}
{"logTime": "1129/011148", "correlationVector":"2lRrWffTaGGPGGiJlsvSG2.130","action":"GetUpdates", "result":"DeleteReceived", "context":{"id":"25269d73-42ad-45a6-b468-5d2e5043f839", "isDeleted:":"true", "version":"1723339555841"}}
{"logTime": "1129/011148", "correlationVector":"2lRrWffTaGGPGGiJlsvSG2.131","action":"GetUpdates", "result":"DeleteReceived", "context":{"id":"fff7c809-454a-448d-bdd2-9c988d349b3c", "isDeleted:":"true", "version":"1723339555846"}}
{"logTime": "1129/011148", "correlationVector":"2lRrWffTaGGPGGiJlsvSG2.132","action":"GetUpdates", "result":"DeleteReceived", "context":{"id":"b28dc57e-a404-4630-bb31-b4da5235c791", "isDeleted:":"true", "version":"1723339555847"}}
{"logTime": "1129/011148", "correlationVector":"2lRrWffTaGGPGGiJlsvSG2.133","action":"GetUpdates", "result":"DeleteReceived", "context":{"id":"f531a46c-55c4-49c2-83ca-c4c3021fb473", "isDeleted:":"true", "version":"1723339555848"}}
{"logTime": "1129/011148", "correlationVector":"2lRrWffTaGGPGGiJlsvSG2.134","action":"GetUpdates", "result":"DeleteReceived", "context":{"id":"2204ae59-4fa9-487b-b57b-1d67b7fb2031", "isDeleted:":"true", "version":"1723339555854"}}
{"logTime": "1129/011148", "correlationVector":"2lRrWffTaGGPGGiJlsvSG2.135","action":"GetUpdates", "result":"DeleteReceived", "context":{"id":"e549bfbc-fff3-4b53-8f0f-613bdbb82224", "isDeleted:":"true", "version":"1723339555863"}}
{"logTime": "1129/011148", "correlationVector":"2lRrWffTaGGPGGiJlsvSG2.136","action":"GetUpdates", "result":"DeleteReceived", "context":{"id":"766b3989-c461-4a81-a0e0-d0d74c3c2a70", "isDeleted:":"true", "version":"1723339555865"}}
{"logTime": "1129/011148", "correlationVector":"2lRrWffTaGGPGGiJlsvSG2.137","action":"GetUpdates", "result":"DeleteReceived", "context":{"id":"09c972f8-fa9b-475f-9b58-f89e182f7843", "isDeleted:":"true", "version":"1723339555871"}}
{"logTime": "1129/011148", "correlationVector":"2lRrWffTaGGPGGiJlsvSG2.138","action":"GetUpdates", "result":"DeleteReceived", "context":{"id":"51314d16-2694-4784-8104-cb314056af2b", "isDeleted:":"true", "version":"1723339555873"}}
{"logTime": "1129/011148", "correlationVector":"2lRrWffTaGGPGGiJlsvSG2.139","action":"GetUpdates", "result":"DeleteReceived", "context":{"id":"204443a8-b2cd-4edb-b185-241fcb2c8785", "isDeleted:":"true", "version":"1723339555875"}}
{"logTime": "1129/011148", "correlationVector":"2lRrWffTaGGPGGiJlsvSG2.140","action":"GetUpdates", "result":"DeleteReceived", "context":{"id":"e8f01187-c6b1-482e-b07d-29c2a8196227", "isDeleted:":"true", "version":"1723339555877"}}
{"logTime": "1129/011148", "correlationVector":"2lRrWffTaGGPGGiJlsvSG2.141","action":"GetUpdates", "result":"DeleteReceived", "context":{"id":"915c9014-5831-4c9f-b2cc-7a511a7fba7d", "isDeleted:":"true", "version":"1723339555878"}}
{"logTime": "1129/011148", "correlationVector":"2lRrWffTaGGPGGiJlsvSG2.142","action":"GetUpdates", "result":"DeleteReceived", "context":{"id":"ee268903-52a3-4acf-8075-378609543461", "isDeleted:":"true", "version":"1723339557843"}}
{"logTime": "1129/011148", "correlationVector":"2lRrWffTaGGPGGiJlsvSG2.143","action":"GetUpdates", "result":"DeleteReceived", "context":{"id":"68bc2372-b2eb-4ced-8bfe-2ff13f1bc8e9", "isDeleted:":"true", "version":"1723339557846"}}
{"logTime": "1129/011148", "correlationVector":"2lRrWffTaGGPGGiJlsvSG2.144","action":"GetUpdates", "result":"DeleteReceived", "context":{"id":"e853a513-e3ae-4ea9-81ac-99b680cd1567", "isDeleted:":"true", "version":"1723339557849"}}
{"logTime": "1129/011148", "correlationVector":"2lRrWffTaGGPGGiJlsvSG2.145","action":"GetUpdates", "result":"DeleteReceived", "context":{"id":"9fb60a63-dbb4-433c-9767-4c1d02875efd", "isDeleted:":"true", "version":"1723339557850"}}
{"logTime": "1129/011148", "correlationVector":"2lRrWffTaGGPGGiJlsvSG2.146","action":"GetUpdates", "result":"DeleteReceived", "context":{"id":"c201b75b-48f0-45ea-bff6-0b75d64a1640", "isDeleted:":"true", "version":"1723339557851"}}
{"logTime": "1129/011148", "correlationVector":"2lRrWffTaGGPGGiJlsvSG2.147","action":"GetUpdates", "result":"DeleteReceived", "context":{"id":"6f8113c7-dee8-460a-bed5-ac0c80f46162", "isDeleted:":"true", "version":"1723339557854"}}
{"logTime": "1129/011148", "correlationVector":"2lRrWffTaGGPGGiJlsvSG2.148","action":"GetUpdates", "result":"DeleteReceived", "context":{"id":"dc206d6b-0257-408e-a2b4-46bb423dfbcc", "isDeleted:":"true", "version":"1723339557856"}}
{"logTime": "1129/011148", "correlationVector":"2lRrWffTaGGPGGiJlsvSG2.149","action":"GetUpdates", "result":"DeleteReceived", "context":{"id":"b7b42a8d-4b7e-45fd-adbd-253dad18ee00", "isDeleted:":"true", "version":"1723339557862"}}
{"logTime": "1129/011148", "correlationVector":"2lRrWffTaGGPGGiJlsvSG2.150","action":"GetUpdates", "result":"DeleteReceived", "context":{"id":"089426c7-abb4-47b5-9a91-ac2cceb59454", "isDeleted:":"true", "version":"1723339557868"}}
{"logTime": "1129/011148", "correlationVector":"2lRrWffTaGGPGGiJlsvSG2.151","action":"GetUpdates", "result":"DeleteReceived", "context":{"id":"87a9c104-2b3d-4649-97aa-f44e68e87f29", "isDeleted:":"true", "version":"1723339557869"}}
{"logTime": "1129/011148", "correlationVector":"2lRrWffTaGGPGGiJlsvSG2.152","action":"GetUpdates", "result":"DeleteReceived", "context":{"id":"0f23932e-b9e9-465c-83f4-0437569b2a10", "isDeleted:":"true", "version":"1723339557870"}}
{"logTime": "1129/011148", "correlationVector":"2lRrWffTaGGPGGiJlsvSG2.153","action":"GetUpdates", "result":"DeleteReceived", "context":{"id":"892ed6c0-18df-4f2f-b32f-c0298975e9bb", "isDeleted:":"true", "version":"1723339557872"}}
{"logTime": "1129/011148", "correlationVector":"2lRrWffTaGGPGGiJlsvSG2.154","action":"GetUpdates", "result":"DeleteReceived", "context":{"id":"1d6175e8-3021-47d4-bc5c-afd59513a8e2", "isDeleted:":"true", "version":"1723339557873"}}
{"logTime": "1129/011148", "correlationVector":"2lRrWffTaGGPGGiJlsvSG2.155","action":"GetUpdates", "result":"DeleteReceived", "context":{"id":"69ded18a-43e2-48a6-8df6-acc52f0eb109", "isDeleted:":"true", "version":"1723339557874"}}
{"logTime": "1129/011148", "correlationVector":"2lRrWffTaGGPGGiJlsvSG2.156","action":"GetUpdates", "result":"DeleteReceived", "context":{"id":"63240999-8427-4c25-bba1-fa05fcc36b61", "isDeleted:":"true", "version":"1723339559959"}}
{"logTime": "1129/011148", "correlationVector":"2lRrWffTaGGPGGiJlsvSG2.157","action":"GetUpdates", "result":"DeleteReceived", "context":{"id":"d233a3b5-d02a-46d4-8ce1-cfe9bbdc46f6", "isDeleted:":"true", "version":"1723339559961"}}
{"logTime": "1129/011148", "correlationVector":"2lRrWffTaGGPGGiJlsvSG2.158","action":"GetUpdates", "result":"DeleteReceived", "context":{"id":"ea557936-c527-476a-81b9-e5b7c1ad6ced", "isDeleted:":"true", "version":"1723339559963"}}
{"logTime": "1129/011148", "correlationVector":"2lRrWffTaGGPGGiJlsvSG2.159","action":"GetUpdates", "result":"DeleteReceived", "context":{"id":"c4928c19-15dd-449f-9731-8259744662f5", "isDeleted:":"true", "version":"1723339559964"}}
{"logTime": "1129/011148", "correlationVector":"2lRrWffTaGGPGGiJlsvSG2.160","action":"GetUpdates", "result":"DeleteReceived", "context":{"id":"b1a35225-9e7d-42ce-9699-2b1c0a3c4e9b", "isDeleted:":"true", "version":"1723339559966"}}
{"logTime": "1129/011148", "correlationVector":"2lRrWffTaGGPGGiJlsvSG2.161","action":"GetUpdates", "result":"DeleteReceived", "context":{"id":"636f19fa-8b1d-479f-8fcf-8fa3c5caa3cb", "isDeleted:":"true", "version":"1723339559967"}}
{"logTime": "1129/011148", "correlationVector":"2lRrWffTaGGPGGiJlsvSG2.162","action":"GetUpdates", "result":"DeleteReceived", "context":{"id":"c5aecb86-ebd5-439f-b024-d80dbbf6c493", "isDeleted:":"true", "version":"1723339559975"}}
{"logTime": "1129/011148", "correlationVector":"2lRrWffTaGGPGGiJlsvSG2.163","action":"GetUpdates", "result":"DeleteReceived", "context":{"id":"8ee7fe79-4489-42b3-baaa-345206167234", "isDeleted:":"true", "version":"1723339559977"}}
{"logTime": "1129/011148", "correlationVector":"2lRrWffTaGGPGGiJlsvSG2.164","action":"GetUpdates", "result":"DeleteReceived", "context":{"id":"243b71ab-b7ba-4d7c-b724-0041ab8e7af1", "isDeleted:":"true", "version":"1723339559980"}}
{"logTime": "1129/011148", "correlationVector":"2lRrWffTaGGPGGiJlsvSG2.165","action":"GetUpdates", "result":"DeleteReceived", "context":{"id":"84e7ae4e-e5b6-43df-9ece-ced105cd3cb9", "isDeleted:":"true", "version":"1723339559983"}}
{"logTime": "1129/011148", "correlationVector":"2lRrWffTaGGPGGiJlsvSG2.166","action":"GetUpdates", "result":"DeleteReceived", "context":{"id":"e90c5d51-e507-405c-90e4-f3fcb39d1fed", "isDeleted:":"true", "version":"1723339559987"}}
{"logTime": "1129/011148", "correlationVector":"2lRrWffTaGGPGGiJlsvSG2.167","action":"GetUpdates", "result":"DeleteReceived", "context":{"id":"bc4c5289-f0d2-4fb8-be72-2d26dd59970b", "isDeleted:":"true", "version":"1723339559988"}}
{"logTime": "1129/011148", "correlationVector":"2lRrWffTaGGPGGiJlsvSG2.168","action":"GetUpdates", "result":"DeleteReceived", "context":{"id":"a7728ce9-5091-41a9-bc08-6dcade93202f", "isDeleted:":"true", "version":"1723339559991"}}
{"logTime": "1129/011148", "correlationVector":"2lRrWffTaGGPGGiJlsvSG2.169","action":"GetUpdates", "result":"DeleteReceived", "context":{"id":"341293bb-ab58-4984-8f5a-b049b5a18bd1", "isDeleted:":"true", "version":"1723339559994"}}
{"logTime": "1129/011148", "correlationVector":"2lRrWffTaGGPGGiJlsvSG2.170","action":"GetUpdates", "result":"DeleteReceived", "context":{"id":"59ab7450-b7c9-469f-b9ab-a77c37dfd02f", "isDeleted:":"true", "version":"1723339559996"}}
{"logTime": "1129/011148", "correlationVector":"2lRrWffTaGGPGGiJlsvSG2.171","action":"GetUpdates", "result":"DeleteReceived", "context":{"id":"24ca5585-6a51-4fc5-9737-90c3010c228d", "isDeleted:":"true", "version":"1723339561926"}}
{"logTime": "1129/011148", "correlationVector":"2lRrWffTaGGPGGiJlsvSG2.172","action":"GetUpdates", "result":"DeleteReceived", "context":{"id":"760fa364-cb87-4c39-aaf6-c0a5a44d6571", "isDeleted:":"true", "version":"1723339561928"}}
{"logTime": "1129/011148", "correlationVector":"2lRrWffTaGGPGGiJlsvSG2.173","action":"GetUpdates", "result":"DeleteReceived", "context":{"id":"707ad074-9db6-46b5-9d2e-5bd8c902148e", "isDeleted:":"true", "version":"1723339561929"}}
{"logTime": "1129/011148", "correlationVector":"2lRrWffTaGGPGGiJlsvSG2.174","action":"GetUpdates", "result":"DeleteReceived", "context":{"id":"b605eabf-8d35-43ac-8b9b-b9fc543a15d2", "isDeleted:":"true", "version":"1723339561933"}}
{"logTime": "1129/011148", "correlationVector":"2lRrWffTaGGPGGiJlsvSG2.175","action":"GetUpdates", "result":"DeleteReceived", "context":{"id":"1facd099-4424-41d1-9d90-aa09965bf947", "isDeleted:":"true", "version":"1723339561935"}}
{"logTime": "1129/011148", "correlationVector":"2lRrWffTaGGPGGiJlsvSG2.176","action":"GetUpdates", "result":"DeleteReceived", "context":{"id":"d16131c0-6069-4716-ba22-42798214771c", "isDeleted:":"true", "version":"1723339561937"}}
{"logTime": "1129/011148", "correlationVector":"2lRrWffTaGGPGGiJlsvSG2.177","action":"GetUpdates", "result":"DeleteReceived", "context":{"id":"6d9b285c-a874-49cd-b78a-ddbf3708c555", "isDeleted:":"true", "version":"1723339561938"}}
{"logTime": "1129/011148", "correlationVector":"2lRrWffTaGGPGGiJlsvSG2.178","action":"GetUpdates Response", "result":"Success", "context":Received 250 update(s). cV=2lRrWffTaGGPGGiJlsvSG2.0;server=GENERAL0100001R;cloudType=Consumer;environment=Prod_EastUS2_000e;migrationStage=NotStarted Some updates remain.}
{"logTime": "1129/011148", "correlationVector":"ukwPoQJlOLoSYCqPuyTmBE","action":"Initial GetUpdates", "result":"", "context":Reason: NEWLY_SUPPORTED_DATATYPE. cV=ukwPoQJlOLoSYCqPuyTmBE}
{"logTime": "1129/011149", "correlationVector":"ukwPoQJlOLoSYCqPuyTmBE.1","action":"SyncServerConnectionManagerRequest", "result":"SYNC_SERVER_OK", "context":{"environment":"Prod_EastUS2_000e", "migrationStage":"NotStarted", "server":"GENERAL0100001G"}}
{"logTime": "1129/011149", "correlationVector":"ukwPoQJlOLoSYCqPuyTmBE.2","action":"GetUpdates", "result":"DeleteReceived", "context":{"id":"d9e863dc-a7cd-4744-b9fd-53ebbfb639e2", "isDeleted:":"true", "version":"1723339561939"}}
{"logTime": "1129/011149", "correlationVector":"ukwPoQJlOLoSYCqPuyTmBE.3","action":"GetUpdates", "result":"DeleteReceived", "context":{"id":"161db600-f559-4a38-a4a0-0a7adc1389cc", "isDeleted:":"true", "version":"1723339561941"}}
{"logTime": "1129/011149", "correlationVector":"ukwPoQJlOLoSYCqPuyTmBE.4","action":"GetUpdates", "result":"DeleteReceived", "context":{"id":"e6f74b7d-f3ab-485a-a25b-ba00751e34e8", "isDeleted:":"true", "version":"1723339561944"}}
{"logTime": "1129/011149", "correlationVector":"ukwPoQJlOLoSYCqPuyTmBE.5","action":"GetUpdates", "result":"DeleteReceived", "context":{"id":"b38b4bf7-73af-4972-a8b2-62b3dea710a6", "isDeleted:":"true", "version":"1723339561946"}}
{"logTime": "1129/011149", "correlationVector":"ukwPoQJlOLoSYCqPuyTmBE.6","action":"GetUpdates", "result":"DeleteReceived", "context":{"id":"f5b12e1c-0786-4d94-8051-9c358411d79a", "isDeleted:":"true", "version":"1723339561950"}}
{"logTime": "1129/011149", "correlationVector":"ukwPoQJlOLoSYCqPuyTmBE.7","action":"GetUpdates", "result":"DeleteReceived", "context":{"id":"62459f2f-1a5d-4d76-a095-0880e091b86d", "isDeleted:":"true", "version":"1723339561951"}}
{"logTime": "1129/011149", "correlationVector":"ukwPoQJlOLoSYCqPuyTmBE.8","action":"GetUpdates", "result":"DeleteReceived", "context":{"id":"ef9f54b2-62c0-436a-b4ad-21ee605e5715", "isDeleted:":"true", "version":"1723339561952"}}
{"logTime": "1129/011149", "correlationVector":"ukwPoQJlOLoSYCqPuyTmBE.9","action":"GetUpdates", "result":"DeleteReceived", "context":{"id":"05737243-2ebe-4844-af79-7e620b15a0b5", "isDeleted:":"true", "version":"1723339561956"}}
{"logTime": "1129/011149", "correlationVector":"ukwPoQJlOLoSYCqPuyTmBE.10","action":"GetUpdates", "result":"DeleteReceived", "context":{"id":"941b81bf-d0ef-4502-97dd-403d10626de2", "isDeleted:":"true", "version":"1723339561957"}}
{"logTime": "1129/011149", "correlationVector":"ukwPoQJlOLoSYCqPuyTmBE.11","action":"GetUpdates", "result":"DeleteReceived", "context":{"id":"db74bfda-4113-452b-8fc1-211adb735fc9", "isDeleted:":"true", "version":"1723339561960"}}
{"logTime": "1129/011149", "correlationVector":"ukwPoQJlOLoSYCqPuyTmBE.12","action":"GetUpdates", "result":"DeleteReceived", "context":{"id":"ad30df34-4d64-48a7-b3b6-553a6f1381f1", "isDeleted:":"true", "version":"1723339561963"}}
{"logTime": "1129/011149", "correlationVector":"ukwPoQJlOLoSYCqPuyTmBE.13","action":"GetUpdates", "result":"DeleteReceived", "context":{"id":"8185a243-676b-4515-a239-48e8d3830d18", "isDeleted:":"true", "version":"1723339561965"}}
{"logTime": "1129/011149", "correlationVector":"ukwPoQJlOLoSYCqPuyTmBE.14","action":"GetUpdates", "result":"DeleteReceived", "context":{"id":"1da41412-aa1c-43c1-b9c0-2287f48c5adb", "isDeleted:":"true", "version":"1723339564009"}}
{"logTime": "1129/011149", "correlationVector":"ukwPoQJlOLoSYCqPuyTmBE.15","action":"GetUpdates", "result":"DeleteReceived", "context":{"id":"3b8d8d4b-70f8-49d4-aaf9-e9b44435bde9", "isDeleted:":"true", "version":"1723339564010"}}
{"logTime": "1129/011149", "correlationVector":"ukwPoQJlOLoSYCqPuyTmBE.16","action":"GetUpdates", "result":"DeleteReceived", "context":{"id":"a3c7af69-7250-4adb-8667-2a3de4766bb2", "isDeleted:":"true", "version":"1723339564011"}}
{"logTime": "1129/011149", "correlationVector":"ukwPoQJlOLoSYCqPuyTmBE.17","action":"GetUpdates", "result":"DeleteReceived", "context":{"id":"987700d4-2d04-49d6-92c4-eae5a457afce", "isDeleted:":"true", "version":"1723339564015"}}
{"logTime": "1129/011149", "correlationVector":"ukwPoQJlOLoSYCqPuyTmBE.18","action":"GetUpdates", "result":"DeleteReceived", "context":{"id":"35fdc5cd-f495-4db6-be9e-4b7e0fc60094", "isDeleted:":"true", "version":"1723339564021"}}
{"logTime": "1129/011149", "correlationVector":"ukwPoQJlOLoSYCqPuyTmBE.19","action":"GetUpdates", "result":"DeleteReceived", "context":{"id":"5b38b65f-0a61-4221-8d1f-508f80cdde2c", "isDeleted:":"true", "version":"1723339564022"}}
{"logTime": "1129/011149", "correlationVector":"ukwPoQJlOLoSYCqPuyTmBE.20","action":"GetUpdates", "result":"DeleteReceived", "context":{"id":"ca8e3002-9e3c-4852-9913-c68e9c4c8c7b", "isDeleted:":"true", "version":"1723339564026"}}
{"logTime": "1129/011149", "correlationVector":"ukwPoQJlOLoSYCqPuyTmBE.21","action":"GetUpdates", "result":"DeleteReceived", "context":{"id":"6aeefa19-0541-45fe-b861-e5777486863f", "isDeleted:":"true", "version":"1723339564031"}}
{"logTime": "1129/011149", "correlationVector":"ukwPoQJlOLoSYCqPuyTmBE.22","action":"GetUpdates", "result":"DeleteReceived", "context":{"id":"50d46cb2-c520-4595-b7de-3559d2aca2f4", "isDeleted:":"true", "version":"1723339564044"}}
{"logTime": "1129/011149", "correlationVector":"ukwPoQJlOLoSYCqPuyTmBE.23","action":"GetUpdates", "result":"DeleteReceived", "context":{"id":"d53eb779-6fc4-4e8c-be8f-ea84d4fac0e3", "isDeleted:":"true", "version":"1723339565946"}}
{"logTime": "1129/011149", "correlationVector":"ukwPoQJlOLoSYCqPuyTmBE.24","action":"GetUpdates", "result":"DeleteReceived", "context":{"id":"ae447c15-31a1-4cc1-96f3-696299ddac55", "isDeleted:":"true", "version":"1723339565951"}}
{"logTime": "1129/011149", "correlationVector":"ukwPoQJlOLoSYCqPuyTmBE.25","action":"GetUpdates", "result":"DeleteReceived", "context":{"id":"dbf36850-6647-4c83-9311-516fcde3a61e", "isDeleted:":"true", "version":"1723339565952"}}
{"logTime": "1129/011149", "correlationVector":"ukwPoQJlOLoSYCqPuyTmBE.26","action":"GetUpdates", "result":"DeleteReceived", "context":{"id":"26b9c7cc-8188-441b-8a2f-bcec9d4b2a43", "isDeleted:":"true", "version":"1723339565955"}}
{"logTime": "1129/011149", "correlationVector":"ukwPoQJlOLoSYCqPuyTmBE.27","action":"GetUpdates", "result":"DeleteReceived", "context":{"id":"163227fa-b19f-4eab-9584-5a9e4b553db4", "isDeleted:":"true", "version":"1723339565956"}}
{"logTime": "1129/011149", "correlationVector":"ukwPoQJlOLoSYCqPuyTmBE.28","action":"GetUpdates", "result":"DeleteReceived", "context":{"id":"39cc3c5b-9272-4a0d-b79c-2e5a2763d73d", "isDeleted:":"true", "version":"1723339565959"}}
{"logTime": "1129/011149", "correlationVector":"ukwPoQJlOLoSYCqPuyTmBE.29","action":"GetUpdates", "result":"DeleteReceived", "context":{"id":"91cb82b4-6009-4891-9aca-44b6999aa1eb", "isDeleted:":"true", "version":"1723339565960"}}
{"logTime": "1129/011149", "correlationVector":"ukwPoQJlOLoSYCqPuyTmBE.30","action":"GetUpdates", "result":"DeleteReceived", "context":{"id":"4ea53936-01f0-43fd-8b3b-39aa5a182de7", "isDeleted:":"true", "version":"1723339565966"}}
{"logTime": "1129/011149", "correlationVector":"ukwPoQJlOLoSYCqPuyTmBE.31","action":"GetUpdates", "result":"DeleteReceived", "context":{"id":"fedbe339-72ea-4b5d-b56f-09b8488a4c3b", "isDeleted:":"true", "version":"1723339565967"}}
{"logTime": "1129/011149", "correlationVector":"ukwPoQJlOLoSYCqPuyTmBE.32","action":"GetUpdates", "result":"DeleteReceived", "context":{"id":"fcb6a2dc-a6d9-47f2-b236-bc5f46b46c8a", "isDeleted:":"true", "version":"1723339565968"}}
{"logTime": "1129/011149", "correlationVector":"ukwPoQJlOLoSYCqPuyTmBE.33","action":"GetUpdates", "result":"DeleteReceived", "context":{"id":"a205f6a2-2e5e-4924-9a61-9d803f2f93f3", "isDeleted:":"true", "version":"1723339565974"}}
{"logTime": "1129/011149", "correlationVector":"ukwPoQJlOLoSYCqPuyTmBE.34","action":"GetUpdates", "result":"DeleteReceived", "context":{"id":"29a74fa4-b10d-47a5-8c6a-5191e023e0d8", "isDeleted:":"true", "version":"1723339565975"}}
{"logTime": "1129/011149", "correlationVector":"ukwPoQJlOLoSYCqPuyTmBE.35","action":"GetUpdates", "result":"DeleteReceived", "context":{"id":"53a275a5-1b01-4772-aa7b-1daf09deeacf", "isDeleted:":"true", "version":"1723339565984"}}
{"logTime": "1129/011149", "correlationVector":"ukwPoQJlOLoSYCqPuyTmBE.36","action":"GetUpdates", "result":"DeleteReceived", "context":{"id":"40770de0-69c8-44f8-b53a-acdeb8f97a92", "isDeleted:":"true", "version":"1723339567839"}}
{"logTime": "1129/011149", "correlationVector":"ukwPoQJlOLoSYCqPuyTmBE.37","action":"GetUpdates", "result":"DeleteReceived", "context":{"id":"ece392da-c549-44a8-92a9-9ec8bdb9f14b", "isDeleted:":"true", "version":"1723339567840"}}
{"logTime": "1129/011149", "correlationVector":"ukwPoQJlOLoSYCqPuyTmBE.38","action":"GetUpdates", "result":"DeleteReceived", "context":{"id":"3930a5fa-008a-426a-9980-13a53ebc5bd8", "isDeleted:":"true", "version":"1723339567841"}}
{"logTime": "1129/011149", "correlationVector":"ukwPoQJlOLoSYCqPuyTmBE.39","action":"GetUpdates", "result":"DeleteReceived", "context":{"id":"2b3781fd-a37f-4475-8d22-b980557eeb2a", "isDeleted:":"true", "version":"1723339567846"}}
{"logTime": "1129/011149", "correlationVector":"ukwPoQJlOLoSYCqPuyTmBE.40","action":"GetUpdates", "result":"DeleteReceived", "context":{"id":"f2e826c1-af97-4e05-a1b0-648badd6f4cb", "isDeleted:":"true", "version":"1723339567850"}}
{"logTime": "1129/011149", "correlationVector":"ukwPoQJlOLoSYCqPuyTmBE.41","action":"GetUpdates", "result":"DeleteReceived", "context":{"id":"4d8e13bf-858a-408d-99be-336d67a6fcaa", "isDeleted:":"true", "version":"1723339567854"}}
{"logTime": "1129/011149", "correlationVector":"ukwPoQJlOLoSYCqPuyTmBE.42","action":"GetUpdates", "result":"DeleteReceived", "context":{"id":"3330c61d-5deb-4d9f-a36a-cd373869c8dc", "isDeleted:":"true", "version":"1723339567857"}}
{"logTime": "1129/011149", "correlationVector":"ukwPoQJlOLoSYCqPuyTmBE.43","action":"GetUpdates", "result":"DeleteReceived", "context":{"id":"f79384b6-06de-4ffa-ba72-d5ee4fa7fc23", "isDeleted:":"true", "version":"1723339567858"}}
{"logTime": "1129/011149", "correlationVector":"ukwPoQJlOLoSYCqPuyTmBE.44","action":"GetUpdates", "result":"DeleteReceived", "context":{"id":"8b699138-2d0f-490e-a6f0-461595eef694", "isDeleted:":"true", "version":"1723339567859"}}
{"logTime": "1129/011149", "correlationVector":"ukwPoQJlOLoSYCqPuyTmBE.45","action":"GetUpdates", "result":"DeleteReceived", "context":{"id":"ed79705d-1bb6-4543-be1b-64eb8940fc64", "isDeleted:":"true", "version":"1723339567862"}}
{"logTime": "1129/011149", "correlationVector":"ukwPoQJlOLoSYCqPuyTmBE.46","action":"GetUpdates", "result":"DeleteReceived", "context":{"id":"6deb1665-004e-41ed-b74d-36a4ce387b93", "isDeleted:":"true", "version":"1723339567868"}}
{"logTime": "1129/011149", "correlationVector":"ukwPoQJlOLoSYCqPuyTmBE.47","action":"GetUpdates", "result":"DeleteReceived", "context":{"id":"98fcda95-054c-42d2-a0a5-495d297074c0", "isDeleted:":"true", "version":"1723339567873"}}
{"logTime": "1129/011149", "correlationVector":"ukwPoQJlOLoSYCqPuyTmBE.48","action":"GetUpdates", "result":"DeleteReceived", "context":{"id":"d415b16e-d945-4360-a55c-f9852b0d0c0a", "isDeleted:":"true", "version":"1723339567874"}}
{"logTime": "1129/011149", "correlationVector":"ukwPoQJlOLoSYCqPuyTmBE.49","action":"GetUpdates", "result":"DeleteReceived", "context":{"id":"88c587fb-247f-499d-9b6c-4f5b4a2ef9e9", "isDeleted:":"true", "version":"1723339567876"}}
{"logTime": "1129/011149", "correlationVector":"ukwPoQJlOLoSYCqPuyTmBE.50","action":"GetUpdates", "result":"DeleteReceived", "context":{"id":"8c2432be-0e3a-4734-9e2a-ce56bf2c3ed6", "isDeleted:":"true", "version":"1723339567877"}}
{"logTime": "1129/011149", "correlationVector":"ukwPoQJlOLoSYCqPuyTmBE.51","action":"GetUpdates", "result":"DeleteReceived", "context":{"id":"35cbc13e-110f-4fba-8b3d-b700da00ec48", "isDeleted:":"true", "version":"1723339569659"}}
{"logTime": "1129/011149", "correlationVector":"ukwPoQJlOLoSYCqPuyTmBE.52","action":"GetUpdates", "result":"DeleteReceived", "context":{"id":"3a12efd3-e9c4-4f32-8af9-cc2132312477", "isDeleted:":"true", "version":"1723339569660"}}
{"logTime": "1129/011149", "correlationVector":"ukwPoQJlOLoSYCqPuyTmBE.53","action":"GetUpdates", "result":"DeleteReceived", "context":{"id":"034de7f6-091d-4eb7-9371-01519ebef53c", "isDeleted:":"true", "version":"1723339569665"}}
{"logTime": "1129/011149", "correlationVector":"ukwPoQJlOLoSYCqPuyTmBE.54","action":"GetUpdates", "result":"DeleteReceived", "context":{"id":"b0d1fc50-40ed-44f7-9a99-ed421226469e", "isDeleted:":"true", "version":"1723339569666"}}
{"logTime": "1129/011149", "correlationVector":"ukwPoQJlOLoSYCqPuyTmBE.55","action":"GetUpdates", "result":"DeleteReceived", "context":{"id":"5f9cf13a-c80f-469e-9061-50b6dcfda6bf", "isDeleted:":"true", "version":"1723339569670"}}
{"logTime": "1129/011149", "correlationVector":"ukwPoQJlOLoSYCqPuyTmBE.56","action":"GetUpdates", "result":"DeleteReceived", "context":{"id":"1f4ca35c-39f0-4d56-af4e-61bca3b4b49d", "isDeleted:":"true", "version":"1723339569673"}}
{"logTime": "1129/011149", "correlationVector":"ukwPoQJlOLoSYCqPuyTmBE.57","action":"GetUpdates", "result":"DeleteReceived", "context":{"id":"ea644368-f082-4578-b63a-187e2fc12e0c", "isDeleted:":"true", "version":"1723339569682"}}
{"logTime": "1129/011149", "correlationVector":"ukwPoQJlOLoSYCqPuyTmBE.58","action":"GetUpdates", "result":"DeleteReceived", "context":{"id":"6cdd9f3e-0d2e-4302-898d-9c5bb40763b6", "isDeleted:":"true", "version":"1723339569683"}}
{"logTime": "1129/011149", "correlationVector":"ukwPoQJlOLoSYCqPuyTmBE.59","action":"GetUpdates", "result":"DeleteReceived", "context":{"id":"5ba7201c-4c0c-4a9f-afa6-d99dbc3fda3a", "isDeleted:":"true", "version":"1723339569684"}}
{"logTime": "1129/011149", "correlationVector":"ukwPoQJlOLoSYCqPuyTmBE.60","action":"GetUpdates", "result":"DeleteReceived", "context":{"id":"97cdc3b9-a554-40a4-a3ea-a5fffb6c4a5b", "isDeleted:":"true", "version":"1723339569686"}}
{"logTime": "1129/011149", "correlationVector":"ukwPoQJlOLoSYCqPuyTmBE.61","action":"GetUpdates", "result":"DeleteReceived", "context":{"id":"894a404f-6086-47a1-9913-13e49f4582cd", "isDeleted:":"true", "version":"1723339569689"}}
{"logTime": "1129/011149", "correlationVector":"ukwPoQJlOLoSYCqPuyTmBE.62","action":"GetUpdates", "result":"DeleteReceived", "context":{"id":"845a9ccf-de49-431b-b613-a57aa2a494d0", "isDeleted:":"true", "version":"1723339569690"}}
{"logTime": "1129/011149", "correlationVector":"ukwPoQJlOLoSYCqPuyTmBE.63","action":"GetUpdates", "result":"DeleteReceived", "context":{"id":"52911efb-8071-416b-9269-06fdf08b2d3d", "isDeleted:":"true", "version":"1723339569691"}}
{"logTime": "1129/011149", "correlationVector":"ukwPoQJlOLoSYCqPuyTmBE.64","action":"GetUpdates", "result":"DeleteReceived", "context":{"id":"363f35f1-602f-4d85-8a94-4490bc09e71b", "isDeleted:":"true", "version":"1723339569693"}}
{"logTime": "1129/011149", "correlationVector":"ukwPoQJlOLoSYCqPuyTmBE.65","action":"GetUpdates", "result":"DeleteReceived", "context":{"id":"b47b603c-fc79-4452-9218-ec01f93cce49", "isDeleted:":"true", "version":"1723339569698"}}
{"logTime": "1129/011149", "correlationVector":"ukwPoQJlOLoSYCqPuyTmBE.66","action":"GetUpdates", "result":"DeleteReceived", "context":{"id":"fac26fd6-bde7-469b-a38d-a2eb3eb35eaf", "isDeleted:":"true", "version":"1723339571393"}}
{"logTime": "1129/011149", "correlationVector":"ukwPoQJlOLoSYCqPuyTmBE.67","action":"GetUpdates", "result":"DeleteReceived", "context":{"id":"ce6e9b6a-dda4-4c01-9b94-d00f79557e3c", "isDeleted:":"true", "version":"1723339571397"}}
{"logTime": "1129/011149", "correlationVector":"ukwPoQJlOLoSYCqPuyTmBE.68","action":"GetUpdates", "result":"DeleteReceived", "context":{"id":"1a441519-d063-472a-a0c3-ca1e736a9b9c", "isDeleted:":"true", "version":"1723339571401"}}
{"logTime": "1129/011149", "correlationVector":"ukwPoQJlOLoSYCqPuyTmBE.69","action":"GetUpdates", "result":"DeleteReceived", "context":{"id":"04d35f8e-4ad7-4c84-9c65-d3fd54979c46", "isDeleted:":"true", "version":"1723339571402"}}
{"logTime": "1129/011149", "correlationVector":"ukwPoQJlOLoSYCqPuyTmBE.70","action":"GetUpdates", "result":"DeleteReceived", "context":{"id":"4d3b9778-7b55-4775-bb62-fb7b4b62c874", "isDeleted:":"true", "version":"1723339571403"}}
{"logTime": "1129/011149", "correlationVector":"ukwPoQJlOLoSYCqPuyTmBE.71","action":"GetUpdates", "result":"DeleteReceived", "context":{"id":"aaa26f0f-f9d9-4e17-90c4-ca133f324dba", "isDeleted:":"true", "version":"1723339571404"}}
{"logTime": "1129/011149", "correlationVector":"ukwPoQJlOLoSYCqPuyTmBE.72","action":"GetUpdates", "result":"DeleteReceived", "context":{"id":"e07ae3ca-7091-4ed2-8b17-a287d54e580f", "isDeleted:":"true", "version":"1723339571405"}}
{"logTime": "1129/011149", "correlationVector":"ukwPoQJlOLoSYCqPuyTmBE.73","action":"GetUpdates", "result":"DeleteReceived", "context":{"id":"9ad31afc-3100-40d4-b6d2-7be0a8747fd4", "isDeleted:":"true", "version":"1723339571406"}}
{"logTime": "1129/011149", "correlationVector":"ukwPoQJlOLoSYCqPuyTmBE.74","action":"GetUpdates", "result":"DeleteReceived", "context":{"id":"4fd3f178-9c9b-41eb-a4aa-15294d11654e", "isDeleted:":"true", "version":"1723339571407"}}
{"logTime": "1129/011149", "correlationVector":"ukwPoQJlOLoSYCqPuyTmBE.75","action":"GetUpdates", "result":"DeleteReceived", "context":{"id":"81b51dad-a950-4628-b878-a352a5de52aa", "isDeleted:":"true", "version":"1723339571408"}}
{"logTime": "1129/011149", "correlationVector":"ukwPoQJlOLoSYCqPuyTmBE.76","action":"GetUpdates", "result":"DeleteReceived", "context":{"id":"d5d5280b-1290-4102-bcd1-13e8b337a0b2", "isDeleted:":"true", "version":"1723339571410"}}
{"logTime": "1129/011149", "correlationVector":"ukwPoQJlOLoSYCqPuyTmBE.77","action":"GetUpdates", "result":"DeleteReceived", "context":{"id":"bb6c60dd-e289-4353-ac5b-ddf9ddb4ad10", "isDeleted:":"true", "version":"1723339571413"}}
{"logTime": "1129/011149", "correlationVector":"ukwPoQJlOLoSYCqPuyTmBE.78","action":"GetUpdates", "result":"DeleteReceived", "context":{"id":"a6a0df1f-a540-4b68-a134-5c25ff2714b7", "isDeleted:":"true", "version":"1723339571414"}}
{"logTime": "1129/011149", "correlationVector":"ukwPoQJlOLoSYCqPuyTmBE.79","action":"GetUpdates", "result":"DeleteReceived", "context":{"id":"f82307a4-2b02-4d58-9522-fb12378abb18", "isDeleted:":"true", "version":"1723339571415"}}
{"logTime": "1129/011149", "correlationVector":"ukwPoQJlOLoSYCqPuyTmBE.80","action":"GetUpdates", "result":"DeleteReceived", "context":{"id":"6b598b58-d808-4a4c-9b4f-6eb06822b0fb", "isDeleted:":"true", "version":"1723339571422"}}
{"logTime": "1129/011149", "correlationVector":"ukwPoQJlOLoSYCqPuyTmBE.81","action":"GetUpdates", "result":"DeleteReceived", "context":{"id":"f639ab7e-ca94-4081-98d6-cc4d0ae315b3", "isDeleted:":"true", "version":"1723339571424"}}
{"logTime": "1129/011149", "correlationVector":"ukwPoQJlOLoSYCqPuyTmBE.82","action":"GetUpdates", "result":"DeleteReceived", "context":{"id":"64034743-d7b5-4831-a38a-06d1cc28a886", "isDeleted:":"true", "version":"1723339571426"}}
{"logTime": "1129/011149", "correlationVector":"ukwPoQJlOLoSYCqPuyTmBE.83","action":"GetUpdates", "result":"DeleteReceived", "context":{"id":"a64b2c96-444d-456d-9d03-26c69be8cc76", "isDeleted:":"true", "version":"1723339571427"}}
{"logTime": "1129/011149", "correlationVector":"ukwPoQJlOLoSYCqPuyTmBE.84","action":"GetUpdates", "result":"DeleteReceived", "context":{"id":"98cc8c69-6fdf-4999-9532-e9d331cb1708", "isDeleted:":"true", "version":"1723339571429"}}
{"logTime": "1129/011149", "correlationVector":"ukwPoQJlOLoSYCqPuyTmBE.85","action":"GetUpdates", "result":"DeleteReceived", "context":{"id":"4ad02e94-5198-4f02-908c-7f5029ae32d9", "isDeleted:":"true", "version":"1723339571430"}}
{"logTime": "1129/011149", "correlationVector":"ukwPoQJlOLoSYCqPuyTmBE.86","action":"GetUpdates", "result":"DeleteReceived", "context":{"id":"8dbbe8e7-b138-4c78-89e3-6ee66236fd13", "isDeleted:":"true", "version":"1723339573234"}}
{"logTime": "1129/011149", "correlationVector":"ukwPoQJlOLoSYCqPuyTmBE.87","action":"GetUpdates", "result":"DeleteReceived", "context":{"id":"f4f6f316-e84a-46fb-afcc-b99ae066edc0", "isDeleted:":"true", "version":"1723339573236"}}
{"logTime": "1129/011149", "correlationVector":"ukwPoQJlOLoSYCqPuyTmBE.88","action":"GetUpdates", "result":"DeleteReceived", "context":{"id":"3cc57011-444f-40d2-97bc-70481ad6fc46", "isDeleted:":"true", "version":"1723339573249"}}
{"logTime": "1129/011149", "correlationVector":"ukwPoQJlOLoSYCqPuyTmBE.89","action":"GetUpdates", "result":"DeleteReceived", "context":{"id":"ff24a853-2e02-46ab-a7cc-c843f659af56", "isDeleted:":"true", "version":"1723378618349"}}
{"logTime": "1129/011149", "correlationVector":"ukwPoQJlOLoSYCqPuyTmBE.90","action":"GetUpdates", "result":"DeleteReceived", "context":{"id":"162c1d20-7fef-4360-b05e-0a0f68f6b285", "isDeleted:":"true", "version":"1723404732879"}}
{"logTime": "1129/011149", "correlationVector":"ukwPoQJlOLoSYCqPuyTmBE.91","action":"GetUpdates", "result":"DeleteReceived", "context":{"id":"25e70b27-7813-4063-a1d3-58b79284298c", "isDeleted:":"true", "version":"1723921395707"}}
{"logTime": "1129/011149", "correlationVector":"ukwPoQJlOLoSYCqPuyTmBE.92","action":"GetUpdates", "result":"DeleteReceived", "context":{"id":"368fd03a-2253-476f-96b9-31bbd6ead734", "isDeleted:":"true", "version":"1724202030541"}}
{"logTime": "1129/011149", "correlationVector":"ukwPoQJlOLoSYCqPuyTmBE.93","action":"GetUpdates", "result":"DeleteReceived", "context":{"id":"da24461d-1aa5-44cc-b041-696b3abf8e26", "isDeleted:":"true", "version":"1724338185382"}}
{"logTime": "1129/011149", "correlationVector":"ukwPoQJlOLoSYCqPuyTmBE.94","action":"GetUpdates", "result":"DeleteReceived", "context":{"id":"1700101a-7ce0-4b96-a283-25351955c16e", "isDeleted:":"true", "version":"1724351867095"}}
{"logTime": "1129/011149", "correlationVector":"ukwPoQJlOLoSYCqPuyTmBE.95","action":"GetUpdates", "result":"DeleteReceived", "context":{"id":"f9b67caf-543d-4152-b865-18e1ad9c1887", "isDeleted:":"true", "version":"1726509509054"}}
{"logTime": "1129/011149", "correlationVector":"ukwPoQJlOLoSYCqPuyTmBE.96","action":"GetUpdates", "result":"DeleteReceived", "context":{"id":"dd5eaded-1b24-44e1-9409-84e7b864d5c6", "isDeleted:":"true", "version":"1726510881272"}}
{"logTime": "1129/011149", "correlationVector":"ukwPoQJlOLoSYCqPuyTmBE.97","action":"GetUpdates", "result":"DeleteReceived", "context":{"id":"e4cddadc-2e25-4ac6-856e-af28766acf69", "isDeleted:":"true", "version":"1726510882192"}}
{"logTime": "1129/011149", "correlationVector":"ukwPoQJlOLoSYCqPuyTmBE.98","action":"GetUpdates", "result":"DeleteReceived", "context":{"id":"7af3aa39-e5d4-4383-a9e8-bfae85b2a046", "isDeleted:":"true", "version":"1726510883676"}}
{"logTime": "1129/011149", "correlationVector":"ukwPoQJlOLoSYCqPuyTmBE.99","action":"GetUpdates", "result":"DeleteReceived", "context":{"id":"44801435-c127-45a7-96fe-c913ea3ad592", "isDeleted:":"true", "version":"1726510884647"}}
{"logTime": "1129/011149", "correlationVector":"ukwPoQJlOLoSYCqPuyTmBE.100","action":"GetUpdates", "result":"DeleteReceived", "context":{"id":"9bcd9e01-fe42-4c31-86c4-76d3c28fd48f", "isDeleted:":"true", "version":"1726510885804"}}
{"logTime": "1129/011149", "correlationVector":"ukwPoQJlOLoSYCqPuyTmBE.101","action":"GetUpdates", "result":"DeleteReceived", "context":{"id":"fd0ab7a8-1a22-4939-98eb-4206be12840b", "isDeleted:":"true", "version":"1726510886765"}}
{"logTime": "1129/011149", "correlationVector":"ukwPoQJlOLoSYCqPuyTmBE.102","action":"GetUpdates", "result":"DeleteReceived", "context":{"id":"72895ad5-4350-465f-82cf-8d741f329bac", "isDeleted:":"true", "version":"1726510887695"}}
{"logTime": "1129/011149", "correlationVector":"ukwPoQJlOLoSYCqPuyTmBE.103","action":"GetUpdates", "result":"DeleteReceived", "context":{"id":"5661adc0-4a16-4978-8e18-7a9e69d17297", "isDeleted:":"true", "version":"1726510888601"}}
{"logTime": "1129/011149", "correlationVector":"ukwPoQJlOLoSYCqPuyTmBE.104","action":"GetUpdates", "result":"DeleteReceived", "context":{"id":"80afa2d1-44cd-4b2c-9a2f-cd995396ef31", "isDeleted:":"true", "version":"1726510889629"}}
{"logTime": "1129/011149", "correlationVector":"ukwPoQJlOLoSYCqPuyTmBE.105","action":"GetUpdates", "result":"DeleteReceived", "context":{"id":"710a3bb7-90d3-46e1-ab70-d22eef65360a", "isDeleted:":"true", "version":"1726510890536"}}
{"logTime": "1129/011149", "correlationVector":"ukwPoQJlOLoSYCqPuyTmBE.106","action":"GetUpdates", "result":"DeleteReceived", "context":{"id":"41c77d6c-01c3-47bd-9566-86b963d41965", "isDeleted:":"true", "version":"1726514669669"}}
{"logTime": "1129/011149", "correlationVector":"ukwPoQJlOLoSYCqPuyTmBE.107","action":"GetUpdates Response", "result":"Success", "context":Received 250 update(s). cV=ukwPoQJlOLoSYCqPuyTmBE.0;server=GENERAL0100001G;cloudType=Consumer;environment=Prod_EastUS2_000e;migrationStage=NotStarted Some updates remain.}
{"logTime": "1129/011149", "correlationVector":"OAdz7O9UiQWJMmEY4lqMQk","action":"Initial GetUpdates", "result":"", "context":Reason: NEWLY_SUPPORTED_DATATYPE. cV=OAdz7O9UiQWJMmEY4lqMQk}
{"logTime": "1129/011149", "correlationVector":"OAdz7O9UiQWJMmEY4lqMQk.1","action":"SyncServerConnectionManagerRequest", "result":"SYNC_SERVER_OK", "context":{"environment":"Prod_EastUS2_000e", "migrationStage":"NotStarted", "server":"GENERAL0100001Y"}}
{"logTime": "1129/011149", "correlationVector":"OAdz7O9UiQWJMmEY4lqMQk.2","action":"GetUpdates", "result":"DeleteReceived", "context":{"id":"d61f9b49-c163-4c04-acd8-96b317b12dd9", "isDeleted:":"true", "version":"1729813166194"}}
{"logTime": "1129/011149", "correlationVector":"OAdz7O9UiQWJMmEY4lqMQk.3","action":"GetUpdates", "result":"DeleteReceived", "context":{"id":"e0c0f076-f8e1-45e8-8a8c-b284741cfe7b", "isDeleted:":"true", "version":"1732822625466"}}
{"logTime": "1129/011149", "correlationVector":"OAdz7O9UiQWJMmEY4lqMQk.4","action":"GetUpdates Response", "result":"Success", "context":Received 250 update(s). cV=OAdz7O9UiQWJMmEY4lqMQk.0;server=GENERAL0100001Y;cloudType=Consumer;environment=Prod_EastUS2_000e;migrationStage=NotStarted Some updates remain.}
{"logTime": "1129/011149", "correlationVector":"jIqiNJ2iOL4gONPqD5/tja","action":"Initial GetUpdates", "result":"", "context":Reason: NEWLY_SUPPORTED_DATATYPE. cV=jIqiNJ2iOL4gONPqD5/tja}
{"logTime": "1129/011150", "correlationVector":"jIqiNJ2iOL4gONPqD5/tja.1","action":"SyncServerConnectionManagerRequest", "result":"SYNC_SERVER_OK", "context":{"environment":"Prod_EastUS2_000e", "migrationStage":"NotStarted", "server":"GENERAL0100001Z"}}
{"logTime": "1129/011150", "correlationVector":"jIqiNJ2iOL4gONPqD5/tja.2","action":"GetUpdates Response", "result":"Success", "context":Received 116 update(s). cV=jIqiNJ2iOL4gONPqD5/tja.0;server=GENERAL0100001Z;cloudType=Consumer;environment=Prod_EastUS2_000e;migrationStage=NotStarted}
{"logTime": "1129/011153", "correlationVector":"AknReCXtWL5hNVBJVtNdMa","action":"Normal GetUpdate request", "result":"", "context":cV=AknReCXtWL5hNVBJVtNdMa
Nudged types: Sessions, Device Info
Refresh requested types: Bookmarks, Preferences, Passwords, Autofill Profiles, Autofill, Typed URLs, Extensions, Sessions, Extension settings, History Delete Directives, Device Info, User Consents, Send Tab To Self, Web Apps, Collection, Edge E Drop, Edge Hub App Usage, Edge Tab Group, Edge Wallet, Encryption Keys}
{"logTime": "1129/011153", "correlationVector":"AknReCXtWL5hNVBJVtNdMa.1","action":"SyncServerConnectionManagerRequest", "result":"SYNC_SERVER_OK", "context":{"environment":"Prod_EastUS2_000e", "migrationStage":"NotStarted", "server":"GENERAL0100001L"}}
{"logTime": "1129/011153", "correlationVector":"AknReCXtWL5hNVBJVtNdMa.2","action":"GetUpdates", "result":"DeleteReceived", "context":{"id":"278a79cb-81fa-47b2-81ef-6b02bc79dd28", "isDeleted:":"true", "version":"1732842190806"}}
{"logTime": "1129/011153", "correlationVector":"AknReCXtWL5hNVBJVtNdMa.3","action":"GetUpdates", "result":"DeleteReceived", "context":{"id":"ebd49996-0f64-4ef0-a30d-977a437dc3ad", "isDeleted:":"true", "version":"1732842529744"}}
{"logTime": "1129/011153", "correlationVector":"AknReCXtWL5hNVBJVtNdMa.4","action":"GetUpdates Response", "result":"Success", "context":Received 8 update(s). cV=AknReCXtWL5hNVBJVtNdMa.0;server=GENERAL0100001L;cloudType=Consumer;environment=Prod_EastUS2_000e;migrationStage=NotStarted}
{"logTime": "1129/011154", "correlationVector":"Tegq8fY/lhHxpvPbCWN9Kv","action":"Commit Request", "result":"", "context":Item count: 3
Contributing types: Sessions, Device Info}
{"logTime": "1129/011154", "correlationVector":"Tegq8fY/lhHxpvPbCWN9Kv.1","action":"SyncServerConnectionManagerRequest", "result":"SYNC_SERVER_OK", "context":{"environment":"Prod_EastUS2_000e", "migrationStage":"NotStarted", "server":"GENERAL0100001C"}}
{"logTime": "1129/011154", "correlationVector":"Tegq8fY/lhHxpvPbCWN9Kv.2","action":"Commit Response", "result":"Success", "context":Result: Success. cV=Tegq8fY/lhHxpvPbCWN9Kv.0;server=GENERAL0100001C;cloudType=Consumer;environment=Prod_EastUS2_000e;migrationStage=NotStarted}
{"logTime": "1129/011202", "correlationVector":"33dF2Egb2IJ242jAQF1RO0","action":"Commit Request", "result":"", "context":Item count: 2
Contributing types: Preferences, Sessions}
{"logTime": "1129/011203", "correlationVector":"33dF2Egb2IJ242jAQF1RO0.1","action":"SyncServerConnectionManagerRequest", "result":"SYNC_SERVER_OK", "context":{"environment":"Prod_EastUS2_000e", "migrationStage":"NotStarted", "server":"GENERAL0100000V"}}
{"logTime": "1129/011203", "correlationVector":"33dF2Egb2IJ242jAQF1RO0.2","action":"Commit Response", "result":"Success", "context":Result: Success. cV=33dF2Egb2IJ242jAQF1RO0.0;server=GENERAL0100000V;cloudType=Consumer;environment=Prod_EastUS2_000e;migrationStage=NotStarted}
{"logTime": "1129/011215", "correlationVector":"OCg5NZ9MMkUNERj9iDtdxr","action":"Commit Request", "result":"", "context":Item count: 1
Contributing types: Preferences}
{"logTime": "1129/011216", "correlationVector":"OCg5NZ9MMkUNERj9iDtdxr.1","action":"SyncServerConnectionManagerRequest", "result":"SYNC_SERVER_OK", "context":{"environment":"Prod_EastUS2_000e", "migrationStage":"NotStarted", "server":"GENERAL01000010"}}
{"logTime": "1129/011216", "correlationVector":"OCg5NZ9MMkUNERj9iDtdxr.2","action":"Commit Response", "result":"Success", "context":Result: Success. cV=OCg5NZ9MMkUNERj9iDtdxr.0;server=GENERAL01000010;cloudType=Consumer;environment=Prod_EastUS2_000e;migrationStage=NotStarted}
{"logTime": "1129/011245", "correlationVector":"C6TckNAa3aYcH5qUYdJH4x","action":"Commit Request", "result":"", "context":Item count: 1
Contributing types: Sessions}
{"logTime": "1129/011245", "correlationVector":"C6TckNAa3aYcH5qUYdJH4x.1","action":"SyncServerConnectionManagerRequest", "result":"SYNC_SERVER_OK", "context":{"environment":"Prod_EastUS_000w", "migrationStage":"NotStarted", "server":"GENERAL1100000V"}}
{"logTime": "1129/011245", "correlationVector":"C6TckNAa3aYcH5qUYdJH4x.2","action":"Commit Response", "result":"Success", "context":Result: Success. cV=C6TckNAa3aYcH5qUYdJH4x.0;server=GENERAL1100000V;cloudType=Consumer;environment=Prod_EastUS_000w;migrationStage=NotStarted}
{"logTime": "1129/011315", "correlationVector":"ZtOSbrVY/rHsT9XB0ZVoSc","action":"Commit Request", "result":"", "context":Item count: 1
Contributing types: Sessions}
{"logTime": "1129/011315", "correlationVector":"ZtOSbrVY/rHsT9XB0ZVoSc.1","action":"SyncServerConnectionManagerRequest", "result":"SYNC_SERVER_OK", "context":{"environment":"Prod_EastUS_000w", "migrationStage":"NotStarted", "server":"GENERAL11000013"}}
{"logTime": "1129/011315", "correlationVector":"ZtOSbrVY/rHsT9XB0ZVoSc.2","action":"Commit Response", "result":"Success", "context":Result: Success. cV=ZtOSbrVY/rHsT9XB0ZVoSc.0;server=GENERAL11000013;cloudType=Consumer;environment=Prod_EastUS_000w;migrationStage=NotStarted}
{"logTime": "1129/011644", "correlationVector":"stHSpVumcjOz2BFELqC2Lf","action":"Normal GetUpdate request", "result":"", "context":cV=stHSpVumcjOz2BFELqC2Lf
Refresh requested types: Bookmarks, Preferences, Passwords, Autofill Profiles, Autofill, Typed URLs, Extensions, Sessions, Extension settings, History Delete Directives, Device Info, User Consents, Send Tab To Self, Web Apps, Collection, Edge E Drop, Edge Hub App Usage, Edge Tab Group, Edge Wallet, Encryption Keys}
{"logTime": "1129/011645", "correlationVector":"stHSpVumcjOz2BFELqC2Lf.1","action":"SyncServerConnectionManagerRequest", "result":"SYNC_SERVER_OK", "context":{"environment":"Prod_EastUS2_000e", "migrationStage":"NotStarted", "server":"GENERAL0100002I"}}
{"logTime": "1129/011645", "correlationVector":"stHSpVumcjOz2BFELqC2Lf.2","action":"GetUpdates", "result":"DeleteReceived", "context":{"id":"c45747c4-eb3d-43c3-ae58-7a116e894235", "isDeleted:":"true", "version":"1732842717953"}}
{"logTime": "1129/011645", "correlationVector":"stHSpVumcjOz2BFELqC2Lf.3","action":"GetUpdates", "result":"DeleteReceived", "context":{"id":"87d3462d-10e7-4c6a-8bf2-42a3131fe5be", "isDeleted:":"true", "version":"1732842717954"}}
{"logTime": "1129/011645", "correlationVector":"stHSpVumcjOz2BFELqC2Lf.4","action":"GetUpdates", "result":"DeleteReceived", "context":{"id":"ec62f5ff-3347-414a-a1ae-21503d7a9682", "isDeleted:":"true", "version":"1732842986716"}}
{"logTime": "1129/011645", "correlationVector":"stHSpVumcjOz2BFELqC2Lf.5","action":"GetUpdates Response", "result":"Success", "context":Received 8 update(s). cV=stHSpVumcjOz2BFELqC2Lf.0;server=GENERAL0100002I;cloudType=Consumer;environment=Prod_EastUS2_000e;migrationStage=NotStarted}
{"logTime": "1129/011848", "correlationVector":"rQe1yWxuEWU+OGTVreGQh7","action":"Commit Request", "result":"", "context":Item count: 1
Contributing types: Sessions}
{"logTime": "1129/011849", "correlationVector":"rQe1yWxuEWU+OGTVreGQh7.1","action":"SyncServerConnectionManagerRequest", "result":"SYNC_SERVER_OK", "context":{"environment":"Prod_EastUS2_000e", "migrationStage":"NotStarted", "server":"GENERAL0100001T"}}
{"logTime": "1129/011849", "correlationVector":"rQe1yWxuEWU+OGTVreGQh7.2","action":"Commit Response", "result":"Success", "context":Result: Success. cV=rQe1yWxuEWU+OGTVreGQh7.0;server=GENERAL0100001T;cloudType=Consumer;environment=Prod_EastUS2_000e;migrationStage=NotStarted}
